#-----------------------------------------------------------
# Vivado v2019.1 (64-bit)
# SW Build 2552052 on Fri May 24 14:49:42 MDT 2019
# IP Build 2548770 on Fri May 24 18:01:18 MDT 2019
# Start of session at: Fri Nov  8 16:53:25 2019
# Process ID: 19164
# Current directory: C:/Users/Kushagra Sharma/Downloads/Digital Systems/Image_Detection_SIMULATION
# Command line: vivado.exe -gui_launcher_event rodinguilauncherevent8120 C:\Users\Kushagra Sharma\Downloads\Digital Systems\Image_Detection_SIMULATION\Image_Detection_SIMULATION.xpr
# Log file: C:/Users/Kushagra Sharma/Downloads/Digital Systems/Image_Detection_SIMULATION/vivado.log
# Journal file: C:/Users/Kushagra Sharma/Downloads/Digital Systems/Image_Detection_SIMULATION\vivado.jou
#-----------------------------------------------------------
start_gui
open_project {C:/Users/Kushagra Sharma/Downloads/Digital Systems/Image_Detection_SIMULATION/Image_Detection_SIMULATION.xpr}
WARNING: [Board 49-91] Board repository path 'C:/Users/Kushagra' does not exist, it will not be used to search board files.
WARNING: [Board 49-91] Board repository path 'Sharma/AppData/Roaming/Xilinx/Vivado/2019.1/xhub/board_store' does not exist, it will not be used to search board files.
WARNING: [Board 49-91] Board repository path 'C:/Users/Kushagra' does not exist, it will not be used to search board files.
WARNING: [Board 49-91] Board repository path 'c:/Users/Kushagra' does not exist, it will not be used to search board files.
WARNING: [Board 49-91] Board repository path 'Sharma/Downloads/ES' does not exist, it will not be used to search board files.
WARNING: [Board 49-91] Board repository path '203/Image-Processing-master/Final' does not exist, it will not be used to search board files.
WARNING: [Board 49-91] Board repository path 'Project/VGA_1/Sharma/AppData/Roaming/Xilinx/Vivado/2019.1/xhub/board_store' does not exist, it will not be used to search board files.
INFO: [Project 1-313] Project file moved from 'C:/Users/Kushagra Sharma/Downloads/Week 3/Image_Detection_SIMULATION' since last save.
Scanning sources...
Finished scanning sources
WARNING: [filemgmt 56-3] Board Part Repository Path: Could not find the directory 'C:/Users/Kushagra Sharma/Kushagra'.
WARNING: [filemgmt 56-3] Board Part Repository Path: Could not find the directory 'C:/Users/Kushagra Sharma/Downloads/AppData/Roaming/Xilinx/Vivado/Sharma/AppData/Roaming/Xilinx/Vivado/2019.1/xhub/board_store'.
INFO: [IP_Flow 19-234] Refreshing IP repositories
INFO: [IP_Flow 19-1704] No user IP repositories specified
INFO: [IP_Flow 19-2313] Loaded Vivado IP repository 'C:/Xilinx/Vivado/2019.1/data/ip'.
open_project: Time (s): cpu = 00:00:20 ; elapsed = 00:00:32 . Memory (MB): peak = 770.863 ; gain = 157.672
update_compile_order -fileset sources_1
WARNING: [IP_Flow 19-4067] Ignoring invalid widget type specified checkbox.Providing a default widget
WARNING: [IP_Flow 19-4067] Ignoring invalid widget type specified checkbox.Providing a default widget
exit
INFO: [Common 17-206] Exiting Vivado at Fri Nov  8 16:57:20 2019...
