#-----------------------------------------------------------
# Vivado v2019.1 (64-bit)
# SW Build 2552052 on Fri May 24 14:49:42 MDT 2019
# IP Build 2548770 on Fri May 24 18:01:18 MDT 2019
# Start of session at: Mon Nov  4 15:59:42 2019
# Process ID: 20128
# Current directory: C:/Users/Kushagra Sharma/Downloads/Digital Systems/Image_Detection_ON_FPGA
# Command line: vivado.exe -gui_launcher_event rodinguilauncherevent14856 C:\Users\Kushagra Sharma\Downloads\Digital Systems\Image_Detection_ON_FPGA\Image_Detection_ON_FPGA.xpr
# Log file: C:/Users/Kushagra Sharma/Downloads/Digital Systems/Image_Detection_ON_FPGA/vivado.log
# Journal file: C:/Users/Kushagra Sharma/Downloads/Digital Systems/Image_Detection_ON_FPGA\vivado.jou
#-----------------------------------------------------------
start_gui
open_project {C:/Users/Kushagra Sharma/Downloads/Digital Systems/Image_Detection_ON_FPGA/Image_Detection_ON_FPGA.xpr}
WARNING: [Board 49-91] Board repository path 'C:/Users/Kushagra' does not exist, it will not be used to search board files.
WARNING: [Board 49-91] Board repository path 'Sharma/AppData/Roaming/Xilinx/Vivado/2019.1/xhub/board_store' does not exist, it will not be used to search board files.
WARNING: [Board 49-91] Board repository path 'C:/Users/Kushagra' does not exist, it will not be used to search board files.
WARNING: [Board 49-91] Board repository path 'c:/Users/Kushagra' does not exist, it will not be used to search board files.
WARNING: [Board 49-91] Board repository path 'Sharma/Downloads/ES' does not exist, it will not be used to search board files.
WARNING: [Board 49-91] Board repository path '203/Image-Processing-master/Final' does not exist, it will not be used to search board files.
WARNING: [Board 49-91] Board repository path 'Project/VGA_1/Sharma/AppData/Roaming/Xilinx/Vivado/2019.1/xhub/board_store' does not exist, it will not be used to search board files.
Scanning sources...
Finished scanning sources
WARNING: [filemgmt 56-3] Board Part Repository Path: Could not find the directory 'C:/Users/Kushagra Sharma/Kushagra'.
WARNING: [filemgmt 56-3] Board Part Repository Path: Could not find the directory 'C:/Users/Kushagra Sharma/Downloads/AppData/Roaming/Xilinx/Vivado/Sharma/AppData/Roaming/Xilinx/Vivado/2019.1/xhub/board_store'.
INFO: [IP_Flow 19-234] Refreshing IP repositories
INFO: [IP_Flow 19-1704] No user IP repositories specified
INFO: [IP_Flow 19-2313] Loaded Vivado IP repository 'C:/Xilinx/Vivado/2019.1/data/ip'.
open_project: Time (s): cpu = 00:00:21 ; elapsed = 00:00:11 . Memory (MB): peak = 805.125 ; gain = 203.203
update_compile_order -fileset sources_1
exit
INFO: [Common 17-206] Exiting Vivado at Mon Nov  4 19:30:34 2019...
