#-----------------------------------------------------------
# Vivado v2019.1 (64-bit)
# SW Build 2552052 on Fri May 24 14:49:42 MDT 2019
# IP Build 2548770 on Fri May 24 18:01:18 MDT 2019
# Start of session at: Sat Nov 16 21:55:32 2019
# Process ID: 5268
# Current directory: C:/Users/Kushagra Sharma/Downloads/Digital Systems/Color_Detection_SIMULATION
# Command line: vivado.exe -gui_launcher_event rodinguilauncherevent20148 C:\Users\Kushagra Sharma\Downloads\Digital Systems\Color_Detection_SIMULATION\Color_Detection_SIMULATION.xpr
# Log file: C:/Users/Kushagra Sharma/Downloads/Digital Systems/Color_Detection_SIMULATION/vivado.log
# Journal file: C:/Users/Kushagra Sharma/Downloads/Digital Systems/Color_Detection_SIMULATION\vivado.jou
#-----------------------------------------------------------
start_gui
open_project {C:/Users/Kushagra Sharma/Downloads/Digital Systems/Color_Detection_SIMULATION/Color_Detection_SIMULATION.xpr}
WARNING: [Board 49-91] Board repository path 'C:/Users/Kushagra' does not exist, it will not be used to search board files.
WARNING: [Board 49-91] Board repository path 'Sharma/AppData/Roaming/Xilinx/Vivado/2019.1/xhub/board_store' does not exist, it will not be used to search board files.
WARNING: [Board 49-91] Board repository path 'C:/Users/Kushagra' does not exist, it will not be used to search board files.
WARNING: [Board 49-91] Board repository path 'c:/Users/Kushagra' does not exist, it will not be used to search board files.
WARNING: [Board 49-91] Board repository path 'Sharma/Downloads/ES' does not exist, it will not be used to search board files.
WARNING: [Board 49-91] Board repository path '203/Image-Processing-master/Final' does not exist, it will not be used to search board files.
WARNING: [Board 49-91] Board repository path 'Project/VGA_1/Sharma/AppData/Roaming/Xilinx/Vivado/2019.1/xhub/board_store' does not exist, it will not be used to search board files.
Scanning sources...
Finished scanning sources
WARNING: [filemgmt 56-3] Board Part Repository Path: Could not find the directory 'C:/Users/Kushagra Sharma/Downloads/Kushagra'.
WARNING: [filemgmt 56-3] Board Part Repository Path: Could not find the directory 'C:/Users/Kushagra Sharma/Downloads/Digital Systems/AppData/Roaming/Xilinx/Vivado/Sharma/AppData/Roaming/Xilinx/Vivado/2019.1/xhub/board_store'.
INFO: [IP_Flow 19-234] Refreshing IP repositories
INFO: [IP_Flow 19-1704] No user IP repositories specified
INFO: [IP_Flow 19-2313] Loaded Vivado IP repository 'C:/Xilinx/Vivado/2019.1/data/ip'.
open_project: Time (s): cpu = 00:00:27 ; elapsed = 00:00:12 . Memory (MB): peak = 820.219 ; gain = 147.125
update_compile_order -fileset sources_1
WARNING: [IP_Flow 19-4067] Ignoring invalid widget type specified checkbox.Providing a default widget
WARNING: [IP_Flow 19-4067] Ignoring invalid widget type specified checkbox.Providing a default widget
INFO: [IP_Flow 19-3484] Absolute path of file 'c:/Users/Kushagra Sharma/Downloads/Digital Systems/coefficient_files/Final_test_black.coe' provided. It will be converted relative to IP Instance files '../../../../../coefficient_files/Final_test_black.coe'
set_property -dict [list CONFIG.Coe_File {C:/Users/Kushagra Sharma/Downloads/Digital Systems/coefficient_files/Final_test_black.coe}] [get_ips blk_mem_gen_0]
INFO: [IP_Flow 19-3484] Absolute path of file 'c:/Users/Kushagra Sharma/Downloads/Digital Systems/coefficient_files/Final_test_black.coe' provided. It will be converted relative to IP Instance files '../../../../../coefficient_files/Final_test_black.coe'
reset_target all [get_files  {{C:/Users/Kushagra Sharma/Downloads/Digital Systems/Color_Detection_SIMULATION/Color_Detection_SIMULATION.srcs/sources_1/ip/blk_mem_gen_0_1/blk_mem_gen_0.xci}}]
export_ip_user_files -of_objects  [get_files  {{C:/Users/Kushagra Sharma/Downloads/Digital Systems/Color_Detection_SIMULATION/Color_Detection_SIMULATION.srcs/sources_1/ip/blk_mem_gen_0_1/blk_mem_gen_0.xci}}] -sync -no_script -force -quiet
delete_ip_run [get_files -of_objects [get_fileset blk_mem_gen_0] {{C:/Users/Kushagra Sharma/Downloads/Digital Systems/Color_Detection_SIMULATION/Color_Detection_SIMULATION.srcs/sources_1/ip/blk_mem_gen_0_1/blk_mem_gen_0.xci}}]
INFO: [Project 1-386] Moving file 'C:/Users/Kushagra Sharma/Downloads/Digital Systems/Color_Detection_SIMULATION/Color_Detection_SIMULATION.srcs/sources_1/ip/blk_mem_gen_0_1/blk_mem_gen_0.xci' from fileset 'blk_mem_gen_0' to fileset 'sources_1'.
generate_target all [get_files  {{C:/Users/Kushagra Sharma/Downloads/Digital Systems/Color_Detection_SIMULATION/Color_Detection_SIMULATION.srcs/sources_1/ip/blk_mem_gen_0_1/blk_mem_gen_0.xci}}]
INFO: [IP_Flow 19-1686] Generating 'Instantiation Template' target for IP 'blk_mem_gen_0'...
INFO: [IP_Flow 19-1686] Generating 'Synthesis' target for IP 'blk_mem_gen_0'...
INFO: [IP_Flow 19-1686] Generating 'Simulation' target for IP 'blk_mem_gen_0'...
INFO: [IP_Flow 19-1686] Generating 'Miscellaneous' target for IP 'blk_mem_gen_0'...
INFO: [IP_Flow 19-1686] Generating 'Change Log' target for IP 'blk_mem_gen_0'...
generate_target: Time (s): cpu = 00:00:17 ; elapsed = 00:00:16 . Memory (MB): peak = 961.648 ; gain = 10.465
catch { config_ip_cache -export [get_ips -all blk_mem_gen_0] }
INFO: [IP_Flow 19-4993] Using cached IP synthesis design for IP blk_mem_gen_0, cache-ID = 20d2f79824752281; cache size = 4.386 MB.
export_ip_user_files -of_objects [get_files {{C:/Users/Kushagra Sharma/Downloads/Digital Systems/Color_Detection_SIMULATION/Color_Detection_SIMULATION.srcs/sources_1/ip/blk_mem_gen_0_1/blk_mem_gen_0.xci}}] -no_script -sync -force -quiet
create_ip_run [get_files -of_objects [get_fileset sources_1] {{C:/Users/Kushagra Sharma/Downloads/Digital Systems/Color_Detection_SIMULATION/Color_Detection_SIMULATION.srcs/sources_1/ip/blk_mem_gen_0_1/blk_mem_gen_0.xci}}]
INFO: [Vivado 12-3453] The given sub-design is up-to-date, no action was taken.  If a run is still desired, use the '-force' option for the file:'C:/Users/Kushagra Sharma/Downloads/Digital Systems/Color_Detection_SIMULATION/Color_Detection_SIMULATION.srcs/sources_1/ip/blk_mem_gen_0_1/blk_mem_gen_0.xci'
export_simulation -of_objects [get_files {{C:/Users/Kushagra Sharma/Downloads/Digital Systems/Color_Detection_SIMULATION/Color_Detection_SIMULATION.srcs/sources_1/ip/blk_mem_gen_0_1/blk_mem_gen_0.xci}}] -directory {C:/Users/Kushagra Sharma/Downloads/Digital Systems/Color_Detection_SIMULATION/Color_Detection_SIMULATION.ip_user_files/sim_scripts} -ip_user_files_dir {C:/Users/Kushagra Sharma/Downloads/Digital Systems/Color_Detection_SIMULATION/Color_Detection_SIMULATION.ip_user_files} -ipstatic_source_dir {C:/Users/Kushagra Sharma/Downloads/Digital Systems/Color_Detection_SIMULATION/Color_Detection_SIMULATION.ip_user_files/ipstatic} -lib_map_path [list {modelsim=C:/Users/Kushagra Sharma/Downloads/Digital Systems/Color_Detection_SIMULATION/Color_Detection_SIMULATION.cache/compile_simlib/modelsim} {questa=C:/Users/Kushagra Sharma/Downloads/Digital Systems/Color_Detection_SIMULATION/Color_Detection_SIMULATION.cache/compile_simlib/questa} {riviera=C:/Users/Kushagra Sharma/Downloads/Digital Systems/Color_Detection_SIMULATION/Color_Detection_SIMULATION.cache/compile_simlib/riviera} {activehdl=C:/Users/Kushagra Sharma/Downloads/Digital Systems/Color_Detection_SIMULATION/Color_Detection_SIMULATION.cache/compile_simlib/activehdl}] -use_ip_compiled_libs -force -quiet
update_compile_order -fileset sources_1
launch_simulation
INFO: [Vivado 12-5698] Checking validity of IPs in the design for the 'XSim' simulator...
INFO: [Vivado 12-5682] Launching behavioral simulation in 'C:/Users/Kushagra Sharma/Downloads/Digital Systems/Color_Detection_SIMULATION/Color_Detection_SIMULATION.sim/sim_1/behav/xsim'
INFO: [Vivado 12-4795] Using compiled simulation libraries for IPs
INFO: [SIM-utils-51] Simulation object is 'sim_1'
INFO: [USF-XSim-7] Finding pre-compiled libraries...
INFO: [USF-XSim-11] File 'C:/Xilinx/Vivado/2019.1/data/xsim/xsim.ini' copied to run dir:'C:/Users/Kushagra Sharma/Downloads/Digital Systems/Color_Detection_SIMULATION/Color_Detection_SIMULATION.sim/sim_1/behav/xsim'
INFO: [SIM-utils-54] Inspecting design source files for 'final_test' in fileset 'sim_1'...
INFO: [SIM-utils-43] Exported 'C:/Users/Kushagra Sharma/Downloads/Digital Systems/Color_Detection_SIMULATION/Color_Detection_SIMULATION.sim/sim_1/behav/xsim/Final_test_black.coe'
INFO: [SIM-utils-43] Exported 'C:/Users/Kushagra Sharma/Downloads/Digital Systems/Color_Detection_SIMULATION/Color_Detection_SIMULATION.sim/sim_1/behav/xsim/blk_mem_gen_0.mif'
INFO: [SIM-utils-43] Exported 'C:/Users/Kushagra Sharma/Downloads/Digital Systems/Color_Detection_SIMULATION/Color_Detection_SIMULATION.sim/sim_1/behav/xsim/Final_test_green.coe'
INFO: [SIM-utils-43] Exported 'C:/Users/Kushagra Sharma/Downloads/Digital Systems/Color_Detection_SIMULATION/Color_Detection_SIMULATION.sim/sim_1/behav/xsim/Final_test.coe'
INFO: [SIM-utils-43] Exported 'C:/Users/Kushagra Sharma/Downloads/Digital Systems/Color_Detection_SIMULATION/Color_Detection_SIMULATION.sim/sim_1/behav/xsim/Red.coe'
INFO: [SIM-utils-43] Exported 'C:/Users/Kushagra Sharma/Downloads/Digital Systems/Color_Detection_SIMULATION/Color_Detection_SIMULATION.sim/sim_1/behav/xsim/test.coe'
INFO: [SIM-utils-43] Exported 'C:/Users/Kushagra Sharma/Downloads/Digital Systems/Color_Detection_SIMULATION/Color_Detection_SIMULATION.sim/sim_1/behav/xsim/Test_final.coe'
INFO: [USF-XSim-97] Finding global include files...
INFO: [USF-XSim-98] Fetching design files from 'sim_1'...
INFO: [USF-XSim-2] XSim::Compile design
INFO: [USF-XSim-61] Executing 'COMPILE and ANALYZE' step in 'C:/Users/Kushagra Sharma/Downloads/Digital Systems/Color_Detection_SIMULATION/Color_Detection_SIMULATION.sim/sim_1/behav/xsim'
"xvlog --incr --relax -prj final_test_vlog.prj"
INFO: [VRFC 10-2263] Analyzing Verilog file "C:/Users/Kushagra Sharma/Downloads/Digital Systems/Color_Detection_SIMULATION/Color_Detection_SIMULATION.srcs/sources_1/ip/blk_mem_gen_0_1/sim/blk_mem_gen_0.v" into library xil_defaultlib
INFO: [VRFC 10-311] analyzing module blk_mem_gen_0
INFO: [VRFC 10-2263] Analyzing Verilog file "C:/Users/Kushagra Sharma/Downloads/Digital Systems/Color_Detection_SIMULATION/Color_Detection_SIMULATION.srcs/sources_1/new/Image.v" into library xil_defaultlib
INFO: [VRFC 10-311] analyzing module Color_Detection
INFO: [VRFC 10-2263] Analyzing Verilog file "C:/Users/Kushagra Sharma/Downloads/Digital Systems/Color_Detection_SIMULATION/Color_Detection_SIMULATION.srcs/sim_1/new/image_tb.v" into library xil_defaultlib
INFO: [VRFC 10-311] analyzing module final_test
INFO: [USF-XSim-69] 'compile' step finished in '3' seconds
INFO: [USF-XSim-3] XSim::Elaborate design
INFO: [USF-XSim-61] Executing 'ELABORATE' step in 'C:/Users/Kushagra Sharma/Downloads/Digital Systems/Color_Detection_SIMULATION/Color_Detection_SIMULATION.sim/sim_1/behav/xsim'
"xelab -wto 8b844008e34c4d1e92466d9299d9cb35 --incr --debug typical --relax --mt 2 -L blk_mem_gen_v8_4_3 -L xil_defaultlib -L unisims_ver -L unimacro_ver -L secureip -L xpm --snapshot final_test_behav xil_defaultlib.final_test xil_defaultlib.glbl -log elaborate.log"
Vivado Simulator 2019.1
Copyright 1986-1999, 2001-2019 Xilinx, Inc. All Rights Reserved.
Running: C:/Xilinx/Vivado/2019.1/bin/unwrapped/win64.o/xelab.exe -wto 8b844008e34c4d1e92466d9299d9cb35 --incr --debug typical --relax --mt 2 -L blk_mem_gen_v8_4_3 -L xil_defaultlib -L unisims_ver -L unimacro_ver -L secureip -L xpm --snapshot final_test_behav xil_defaultlib.final_test xil_defaultlib.glbl -log elaborate.log 
Using 2 slave threads.
Starting static elaboration
WARNING: [VRFC 10-3091] actual bit length 32 differs from formal bit length 1 for port 'ena' [C:/Users/Kushagra Sharma/Downloads/Digital Systems/Color_Detection_SIMULATION/Color_Detection_SIMULATION.srcs/sources_1/new/Image.v:89]
Completed static elaboration
Starting simulation data flow analysis
Completed simulation data flow analysis
Time Resolution for simulation is 1ps
Compiling module blk_mem_gen_v8_4_3.blk_mem_gen_v8_4_3_output_stage(...
Compiling module blk_mem_gen_v8_4_3.blk_mem_gen_v8_4_3_output_stage(...
Compiling module blk_mem_gen_v8_4_3.blk_mem_gen_v8_4_3_softecc_outpu...
Compiling module blk_mem_gen_v8_4_3.blk_mem_gen_v8_4_3_mem_module(C_...
Compiling module blk_mem_gen_v8_4_3.blk_mem_gen_v8_4_3(C_FAMILY="art...
Compiling module xil_defaultlib.blk_mem_gen_0
Compiling module xil_defaultlib.Color_Detection
Compiling module xil_defaultlib.final_test
Compiling module xil_defaultlib.glbl
Built simulation snapshot final_test_behav
run_program: Time (s): cpu = 00:00:01 ; elapsed = 00:00:06 . Memory (MB): peak = 961.648 ; gain = 0.000
INFO: [USF-XSim-69] 'elaborate' step finished in '5' seconds
INFO: [USF-XSim-4] XSim::Simulate design
INFO: [USF-XSim-61] Executing 'SIMULATE' step in 'C:/Users/Kushagra Sharma/Downloads/Digital Systems/Color_Detection_SIMULATION/Color_Detection_SIMULATION.sim/sim_1/behav/xsim'
INFO: [USF-XSim-98] *** Running xsim
   with args "final_test_behav -key {Behavioral:sim_1:Functional:final_test} -tclbatch {final_test.tcl} -log {simulate.log}"
INFO: [USF-XSim-8] Loading simulator feature
Vivado Simulator 2019.1
Time resolution is 1 ps
source final_test.tcl
# set curr_wave [current_wave_config]
# if { [string length $curr_wave] == 0 } {
#   if { [llength [get_objects]] > 0} {
#     add_wave /
#     set_property needs_save false [current_wave_config]
#   } else {
#      send_msg_id Add_Wave-1 WARNING "No top level signals found. Simulator will start without a wave window. If you want to open a wave window go to 'File->New Waveform Configuration' or type 'create_wave_config' in the TCL console."
#   }
# }
# run 1000ns
 Block Memory Generator module loading initial data...
 Block Memory Generator data initialization complete.
Block Memory Generator module final_test.uut.inst1.inst.native_mem_module.blk_mem_gen_v8_4_3_inst is using a behavioral model for simulation which will not precisely model memory collision behavior.
xsim: Time (s): cpu = 00:00:17 ; elapsed = 00:00:11 . Memory (MB): peak = 991.551 ; gain = 29.902
INFO: [USF-XSim-96] XSim completed. Design snapshot 'final_test_behav' loaded.
INFO: [USF-XSim-97] XSim simulation ran for 1000ns
launch_simulation: Time (s): cpu = 00:00:19 ; elapsed = 00:00:21 . Memory (MB): peak = 991.551 ; gain = 29.902
run all
blk_mem_gen_v8_4_3 WARNING: Address 15150 is outside range for A Write
blk_mem_gen_v8_4_3 WARNING: Address 15150 is outside range for A Read
blk_mem_gen_v8_4_3 WARNING: Address 15151 is outside range for A Write
blk_mem_gen_v8_4_3 WARNING: Address 15151 is outside range for A Read
blk_mem_gen_v8_4_3 WARNING: Address 15152 is outside range for A Write
blk_mem_gen_v8_4_3 WARNING: Address 15152 is outside range for A Read
blk_mem_gen_v8_4_3 WARNING: Address 15153 is outside range for A Write
blk_mem_gen_v8_4_3 WARNING: Address 15153 is outside range for A Read
blk_mem_gen_v8_4_3 WARNING: Address 15154 is outside range for A Write
blk_mem_gen_v8_4_3 WARNING: Address 15154 is outside range for A Read
blk_mem_gen_v8_4_3 WARNING: Address 15155 is outside range for A Write
blk_mem_gen_v8_4_3 WARNING: Address 15155 is outside range for A Read
blk_mem_gen_v8_4_3 WARNING: Address 15156 is outside range for A Write
blk_mem_gen_v8_4_3 WARNING: Address 15156 is outside range for A Read
blk_mem_gen_v8_4_3 WARNING: Address 15157 is outside range for A Write
blk_mem_gen_v8_4_3 WARNING: Address 15157 is outside range for A Read
blk_mem_gen_v8_4_3 WARNING: Address 15158 is outside range for A Write
blk_mem_gen_v8_4_3 WARNING: Address 15158 is outside range for A Read
blk_mem_gen_v8_4_3 WARNING: Address 15159 is outside range for A Write
blk_mem_gen_v8_4_3 WARNING: Address 15159 is outside range for A Read
blk_mem_gen_v8_4_3 WARNING: Address 1515a is outside range for A Write
blk_mem_gen_v8_4_3 WARNING: Address 1515a is outside range for A Read
blk_mem_gen_v8_4_3 WARNING: Address 1515b is outside range for A Write
blk_mem_gen_v8_4_3 WARNING: Address 1515b is outside range for A Read
blk_mem_gen_v8_4_3 WARNING: Address 1515c is outside range for A Write
blk_mem_gen_v8_4_3 WARNING: Address 1515c is outside range for A Read
blk_mem_gen_v8_4_3 WARNING: Address 1515d is outside range for A Write
blk_mem_gen_v8_4_3 WARNING: Address 1515d is outside range for A Read
blk_mem_gen_v8_4_3 WARNING: Address 1515e is outside range for A Write
blk_mem_gen_v8_4_3 WARNING: Address 1515e is outside range for A Read
blk_mem_gen_v8_4_3 WARNING: Address 1515f is outside range for A Write
blk_mem_gen_v8_4_3 WARNING: Address 1515f is outside range for A Read
blk_mem_gen_v8_4_3 WARNING: Address 15160 is outside range for A Write
blk_mem_gen_v8_4_3 WARNING: Address 15160 is outside range for A Read
blk_mem_gen_v8_4_3 WARNING: Address 15161 is outside range for A Write
blk_mem_gen_v8_4_3 WARNING: Address 15161 is outside range for A Read
blk_mem_gen_v8_4_3 WARNING: Address 15162 is outside range for A Write
blk_mem_gen_v8_4_3 WARNING: Address 15162 is outside range for A Read
blk_mem_gen_v8_4_3 WARNING: Address 15163 is outside range for A Write
blk_mem_gen_v8_4_3 WARNING: Address 15163 is outside range for A Read
blk_mem_gen_v8_4_3 WARNING: Address 15164 is outside range for A Write
blk_mem_gen_v8_4_3 WARNING: Address 15164 is outside range for A Read
blk_mem_gen_v8_4_3 WARNING: Address 15165 is outside range for A Write
blk_mem_gen_v8_4_3 WARNING: Address 15165 is outside range for A Read
blk_mem_gen_v8_4_3 WARNING: Address 15166 is outside range for A Write
blk_mem_gen_v8_4_3 WARNING: Address 15166 is outside range for A Read
blk_mem_gen_v8_4_3 WARNING: Address 15167 is outside range for A Write
blk_mem_gen_v8_4_3 WARNING: Address 15167 is outside range for A Read
blk_mem_gen_v8_4_3 WARNING: Address 15168 is outside range for A Write
blk_mem_gen_v8_4_3 WARNING: Address 15168 is outside range for A Read
blk_mem_gen_v8_4_3 WARNING: Address 15169 is outside range for A Write
blk_mem_gen_v8_4_3 WARNING: Address 15169 is outside range for A Read
blk_mem_gen_v8_4_3 WARNING: Address 1516a is outside range for A Write
blk_mem_gen_v8_4_3 WARNING: Address 1516a is outside range for A Read
blk_mem_gen_v8_4_3 WARNING: Address 1516b is outside range for A Write
blk_mem_gen_v8_4_3 WARNING: Address 1516b is outside range for A Read
blk_mem_gen_v8_4_3 WARNING: Address 1516c is outside range for A Write
blk_mem_gen_v8_4_3 WARNING: Address 1516c is outside range for A Read
blk_mem_gen_v8_4_3 WARNING: Address 1516d is outside range for A Write
blk_mem_gen_v8_4_3 WARNING: Address 1516d is outside range for A Read
blk_mem_gen_v8_4_3 WARNING: Address 1516e is outside range for A Write
blk_mem_gen_v8_4_3 WARNING: Address 1516e is outside range for A Read
blk_mem_gen_v8_4_3 WARNING: Address 1516f is outside range for A Write
blk_mem_gen_v8_4_3 WARNING: Address 1516f is outside range for A Read
blk_mem_gen_v8_4_3 WARNING: Address 15170 is outside range for A Write
blk_mem_gen_v8_4_3 WARNING: Address 15170 is outside range for A Read
blk_mem_gen_v8_4_3 WARNING: Address 15171 is outside range for A Write
blk_mem_gen_v8_4_3 WARNING: Address 15171 is outside range for A Read
blk_mem_gen_v8_4_3 WARNING: Address 15172 is outside range for A Write
blk_mem_gen_v8_4_3 WARNING: Address 15172 is outside range for A Read
blk_mem_gen_v8_4_3 WARNING: Address 15173 is outside range for A Write
blk_mem_gen_v8_4_3 WARNING: Address 15173 is outside range for A Read
blk_mem_gen_v8_4_3 WARNING: Address 15174 is outside range for A Write
blk_mem_gen_v8_4_3 WARNING: Address 15174 is outside range for A Read
blk_mem_gen_v8_4_3 WARNING: Address 15175 is outside range for A Write
blk_mem_gen_v8_4_3 WARNING: Address 15175 is outside range for A Read
blk_mem_gen_v8_4_3 WARNING: Address 15176 is outside range for A Write
blk_mem_gen_v8_4_3 WARNING: Address 15176 is outside range for A Read
blk_mem_gen_v8_4_3 WARNING: Address 15177 is outside range for A Write
blk_mem_gen_v8_4_3 WARNING: Address 15177 is outside range for A Read
blk_mem_gen_v8_4_3 WARNING: Address 15178 is outside range for A Write
blk_mem_gen_v8_4_3 WARNING: Address 15178 is outside range for A Read
blk_mem_gen_v8_4_3 WARNING: Address 15179 is outside range for A Write
blk_mem_gen_v8_4_3 WARNING: Address 15179 is outside range for A Read
blk_mem_gen_v8_4_3 WARNING: Address 1517a is outside range for A Write
blk_mem_gen_v8_4_3 WARNING: Address 1517a is outside range for A Read
blk_mem_gen_v8_4_3 WARNING: Address 1517b is outside range for A Write
blk_mem_gen_v8_4_3 WARNING: Address 1517b is outside range for A Read
blk_mem_gen_v8_4_3 WARNING: Address 1517c is outside range for A Write
blk_mem_gen_v8_4_3 WARNING: Address 1517c is outside range for A Read
blk_mem_gen_v8_4_3 WARNING: Address 1517d is outside range for A Write
blk_mem_gen_v8_4_3 WARNING: Address 1517d is outside range for A Read
blk_mem_gen_v8_4_3 WARNING: Address 1517e is outside range for A Write
blk_mem_gen_v8_4_3 WARNING: Address 1517e is outside range for A Read
blk_mem_gen_v8_4_3 WARNING: Address 1517f is outside range for A Write
blk_mem_gen_v8_4_3 WARNING: Address 1517f is outside range for A Read
blk_mem_gen_v8_4_3 WARNING: Address 15180 is outside range for A Write
blk_mem_gen_v8_4_3 WARNING: Address 15180 is outside range for A Read
blk_mem_gen_v8_4_3 WARNING: Address 15181 is outside range for A Write
blk_mem_gen_v8_4_3 WARNING: Address 15181 is outside range for A Read
blk_mem_gen_v8_4_3 WARNING: Address 15182 is outside range for A Write
blk_mem_gen_v8_4_3 WARNING: Address 15182 is outside range for A Read
blk_mem_gen_v8_4_3 WARNING: Address 15183 is outside range for A Write
blk_mem_gen_v8_4_3 WARNING: Address 15183 is outside range for A Read
blk_mem_gen_v8_4_3 WARNING: Address 15184 is outside range for A Write
blk_mem_gen_v8_4_3 WARNING: Address 15184 is outside range for A Read
blk_mem_gen_v8_4_3 WARNING: Address 15185 is outside range for A Write
blk_mem_gen_v8_4_3 WARNING: Address 15185 is outside range for A Read
blk_mem_gen_v8_4_3 WARNING: Address 15186 is outside range for A Write
blk_mem_gen_v8_4_3 WARNING: Address 15186 is outside range for A Read
blk_mem_gen_v8_4_3 WARNING: Address 15187 is outside range for A Write
blk_mem_gen_v8_4_3 WARNING: Address 15187 is outside range for A Read
blk_mem_gen_v8_4_3 WARNING: Address 15188 is outside range for A Write
blk_mem_gen_v8_4_3 WARNING: Address 15188 is outside range for A Read
blk_mem_gen_v8_4_3 WARNING: Address 15189 is outside range for A Write
blk_mem_gen_v8_4_3 WARNING: Address 15189 is outside range for A Read
blk_mem_gen_v8_4_3 WARNING: Address 1518a is outside range for A Write
blk_mem_gen_v8_4_3 WARNING: Address 1518a is outside range for A Read
blk_mem_gen_v8_4_3 WARNING: Address 1518b is outside range for A Write
blk_mem_gen_v8_4_3 WARNING: Address 1518b is outside range for A Read
blk_mem_gen_v8_4_3 WARNING: Address 1518c is outside range for A Write
blk_mem_gen_v8_4_3 WARNING: Address 1518c is outside range for A Read
blk_mem_gen_v8_4_3 WARNING: Address 1518d is outside range for A Write
blk_mem_gen_v8_4_3 WARNING: Address 1518d is outside range for A Read
blk_mem_gen_v8_4_3 WARNING: Address 1518e is outside range for A Write
blk_mem_gen_v8_4_3 WARNING: Address 1518e is outside range for A Read
blk_mem_gen_v8_4_3 WARNING: Address 1518f is outside range for A Write
blk_mem_gen_v8_4_3 WARNING: Address 1518f is outside range for A Read
blk_mem_gen_v8_4_3 WARNING: Address 15190 is outside range for A Write
blk_mem_gen_v8_4_3 WARNING: Address 15190 is outside range for A Read
blk_mem_gen_v8_4_3 WARNING: Address 15191 is outside range for A Write
blk_mem_gen_v8_4_3 WARNING: Address 15191 is outside range for A Read
blk_mem_gen_v8_4_3 WARNING: Address 15192 is outside range for A Write
blk_mem_gen_v8_4_3 WARNING: Address 15192 is outside range for A Read
blk_mem_gen_v8_4_3 WARNING: Address 15193 is outside range for A Write
blk_mem_gen_v8_4_3 WARNING: Address 15193 is outside range for A Read
blk_mem_gen_v8_4_3 WARNING: Address 15194 is outside range for A Write
blk_mem_gen_v8_4_3 WARNING: Address 15194 is outside range for A Read
blk_mem_gen_v8_4_3 WARNING: Address 15195 is outside range for A Write
blk_mem_gen_v8_4_3 WARNING: Address 15195 is outside range for A Read
blk_mem_gen_v8_4_3 WARNING: Address 15196 is outside range for A Write
blk_mem_gen_v8_4_3 WARNING: Address 15196 is outside range for A Read
blk_mem_gen_v8_4_3 WARNING: Address 15197 is outside range for A Write
blk_mem_gen_v8_4_3 WARNING: Address 15197 is outside range for A Read
blk_mem_gen_v8_4_3 WARNING: Address 15198 is outside range for A Write
blk_mem_gen_v8_4_3 WARNING: Address 15198 is outside range for A Read
blk_mem_gen_v8_4_3 WARNING: Address 15199 is outside range for A Write
blk_mem_gen_v8_4_3 WARNING: Address 15199 is outside range for A Read
blk_mem_gen_v8_4_3 WARNING: Address 1519a is outside range for A Write
blk_mem_gen_v8_4_3 WARNING: Address 1519a is outside range for A Read
blk_mem_gen_v8_4_3 WARNING: Address 152fe is outside range for A Write
blk_mem_gen_v8_4_3 WARNING: Address 152fe is outside range for A Read
blk_mem_gen_v8_4_3 WARNING: Address 152ff is outside range for A Write
blk_mem_gen_v8_4_3 WARNING: Address 152ff is outside range for A Read
blk_mem_gen_v8_4_3 WARNING: Address 15300 is outside range for A Write
blk_mem_gen_v8_4_3 WARNING: Address 15300 is outside range for A Read
blk_mem_gen_v8_4_3 WARNING: Address 15301 is outside range for A Write
blk_mem_gen_v8_4_3 WARNING: Address 15301 is outside range for A Read
blk_mem_gen_v8_4_3 WARNING: Address 15302 is outside range for A Write
blk_mem_gen_v8_4_3 WARNING: Address 15302 is outside range for A Read
blk_mem_gen_v8_4_3 WARNING: Address 15303 is outside range for A Write
blk_mem_gen_v8_4_3 WARNING: Address 15303 is outside range for A Read
blk_mem_gen_v8_4_3 WARNING: Address 15304 is outside range for A Write
blk_mem_gen_v8_4_3 WARNING: Address 15304 is outside range for A Read
blk_mem_gen_v8_4_3 WARNING: Address 15305 is outside range for A Write
blk_mem_gen_v8_4_3 WARNING: Address 15305 is outside range for A Read
blk_mem_gen_v8_4_3 WARNING: Address 15306 is outside range for A Write
blk_mem_gen_v8_4_3 WARNING: Address 15306 is outside range for A Read
blk_mem_gen_v8_4_3 WARNING: Address 15307 is outside range for A Write
blk_mem_gen_v8_4_3 WARNING: Address 15307 is outside range for A Read
blk_mem_gen_v8_4_3 WARNING: Address 15308 is outside range for A Write
blk_mem_gen_v8_4_3 WARNING: Address 15308 is outside range for A Read
blk_mem_gen_v8_4_3 WARNING: Address 15309 is outside range for A Write
blk_mem_gen_v8_4_3 WARNING: Address 15309 is outside range for A Read
blk_mem_gen_v8_4_3 WARNING: Address 1530a is outside range for A Write
blk_mem_gen_v8_4_3 WARNING: Address 1530a is outside range for A Read
blk_mem_gen_v8_4_3 WARNING: Address 1530b is outside range for A Write
blk_mem_gen_v8_4_3 WARNING: Address 1530b is outside range for A Read
blk_mem_gen_v8_4_3 WARNING: Address 1530c is outside range for A Write
blk_mem_gen_v8_4_3 WARNING: Address 1530c is outside range for A Read
blk_mem_gen_v8_4_3 WARNING: Address 1530d is outside range for A Write
blk_mem_gen_v8_4_3 WARNING: Address 1530d is outside range for A Read
blk_mem_gen_v8_4_3 WARNING: Address 1530e is outside range for A Write
blk_mem_gen_v8_4_3 WARNING: Address 1530e is outside range for A Read
blk_mem_gen_v8_4_3 WARNING: Address 1530f is outside range for A Write
blk_mem_gen_v8_4_3 WARNING: Address 1530f is outside range for A Read
blk_mem_gen_v8_4_3 WARNING: Address 15310 is outside range for A Write
blk_mem_gen_v8_4_3 WARNING: Address 15310 is outside range for A Read
blk_mem_gen_v8_4_3 WARNING: Address 15311 is outside range for A Write
blk_mem_gen_v8_4_3 WARNING: Address 15311 is outside range for A Read
blk_mem_gen_v8_4_3 WARNING: Address 15312 is outside range for A Write
blk_mem_gen_v8_4_3 WARNING: Address 15312 is outside range for A Read
blk_mem_gen_v8_4_3 WARNING: Address 15313 is outside range for A Write
blk_mem_gen_v8_4_3 WARNING: Address 15313 is outside range for A Read
blk_mem_gen_v8_4_3 WARNING: Address 15314 is outside range for A Write
blk_mem_gen_v8_4_3 WARNING: Address 15314 is outside range for A Read
blk_mem_gen_v8_4_3 WARNING: Address 15315 is outside range for A Write
blk_mem_gen_v8_4_3 WARNING: Address 15315 is outside range for A Read
blk_mem_gen_v8_4_3 WARNING: Address 15316 is outside range for A Write
blk_mem_gen_v8_4_3 WARNING: Address 15316 is outside range for A Read
blk_mem_gen_v8_4_3 WARNING: Address 15317 is outside range for A Write
blk_mem_gen_v8_4_3 WARNING: Address 15317 is outside range for A Read
blk_mem_gen_v8_4_3 WARNING: Address 15318 is outside range for A Write
blk_mem_gen_v8_4_3 WARNING: Address 15318 is outside range for A Read
blk_mem_gen_v8_4_3 WARNING: Address 15319 is outside range for A Write
blk_mem_gen_v8_4_3 WARNING: Address 15319 is outside range for A Read
blk_mem_gen_v8_4_3 WARNING: Address 1531a is outside range for A Write
blk_mem_gen_v8_4_3 WARNING: Address 1531a is outside range for A Read
blk_mem_gen_v8_4_3 WARNING: Address 1531b is outside range for A Write
blk_mem_gen_v8_4_3 WARNING: Address 1531b is outside range for A Read
blk_mem_gen_v8_4_3 WARNING: Address 1531c is outside range for A Write
blk_mem_gen_v8_4_3 WARNING: Address 1531c is outside range for A Read
blk_mem_gen_v8_4_3 WARNING: Address 1531d is outside range for A Write
blk_mem_gen_v8_4_3 WARNING: Address 1531d is outside range for A Read
blk_mem_gen_v8_4_3 WARNING: Address 1531e is outside range for A Write
blk_mem_gen_v8_4_3 WARNING: Address 1531e is outside range for A Read
blk_mem_gen_v8_4_3 WARNING: Address 1531f is outside range for A Write
blk_mem_gen_v8_4_3 WARNING: Address 1531f is outside range for A Read
blk_mem_gen_v8_4_3 WARNING: Address 15320 is outside range for A Write
blk_mem_gen_v8_4_3 WARNING: Address 15320 is outside range for A Read
blk_mem_gen_v8_4_3 WARNING: Address 15321 is outside range for A Write
blk_mem_gen_v8_4_3 WARNING: Address 15321 is outside range for A Read
blk_mem_gen_v8_4_3 WARNING: Address 15322 is outside range for A Write
blk_mem_gen_v8_4_3 WARNING: Address 15322 is outside range for A Read
blk_mem_gen_v8_4_3 WARNING: Address 15323 is outside range for A Write
blk_mem_gen_v8_4_3 WARNING: Address 15323 is outside range for A Read
blk_mem_gen_v8_4_3 WARNING: Address 15324 is outside range for A Write
blk_mem_gen_v8_4_3 WARNING: Address 15324 is outside range for A Read
blk_mem_gen_v8_4_3 WARNING: Address 15325 is outside range for A Write
blk_mem_gen_v8_4_3 WARNING: Address 15325 is outside range for A Read
blk_mem_gen_v8_4_3 WARNING: Address 15326 is outside range for A Write
blk_mem_gen_v8_4_3 WARNING: Address 15326 is outside range for A Read
blk_mem_gen_v8_4_3 WARNING: Address 15327 is outside range for A Write
blk_mem_gen_v8_4_3 WARNING: Address 15327 is outside range for A Read
blk_mem_gen_v8_4_3 WARNING: Address 15328 is outside range for A Write
blk_mem_gen_v8_4_3 WARNING: Address 15328 is outside range for A Read
blk_mem_gen_v8_4_3 WARNING: Address 15329 is outside range for A Write
blk_mem_gen_v8_4_3 WARNING: Address 15329 is outside range for A Read
blk_mem_gen_v8_4_3 WARNING: Address 1532a is outside range for A Write
blk_mem_gen_v8_4_3 WARNING: Address 1532a is outside range for A Read
blk_mem_gen_v8_4_3 WARNING: Address 1532b is outside range for A Write
blk_mem_gen_v8_4_3 WARNING: Address 1532b is outside range for A Read
blk_mem_gen_v8_4_3 WARNING: Address 1532c is outside range for A Write
blk_mem_gen_v8_4_3 WARNING: Address 1532c is outside range for A Read
blk_mem_gen_v8_4_3 WARNING: Address 1532d is outside range for A Write
blk_mem_gen_v8_4_3 WARNING: Address 1532d is outside range for A Read
blk_mem_gen_v8_4_3 WARNING: Address 1532e is outside range for A Write
blk_mem_gen_v8_4_3 WARNING: Address 1532e is outside range for A Read
blk_mem_gen_v8_4_3 WARNING: Address 1532f is outside range for A Write
blk_mem_gen_v8_4_3 WARNING: Address 1532f is outside range for A Read
blk_mem_gen_v8_4_3 WARNING: Address 15330 is outside range for A Write
blk_mem_gen_v8_4_3 WARNING: Address 15330 is outside range for A Read
blk_mem_gen_v8_4_3 WARNING: Address 15331 is outside range for A Write
blk_mem_gen_v8_4_3 WARNING: Address 15331 is outside range for A Read
blk_mem_gen_v8_4_3 WARNING: Address 15332 is outside range for A Write
blk_mem_gen_v8_4_3 WARNING: Address 15332 is outside range for A Read
blk_mem_gen_v8_4_3 WARNING: Address 15333 is outside range for A Write
blk_mem_gen_v8_4_3 WARNING: Address 15333 is outside range for A Read
blk_mem_gen_v8_4_3 WARNING: Address 15334 is outside range for A Write
blk_mem_gen_v8_4_3 WARNING: Address 15334 is outside range for A Read
blk_mem_gen_v8_4_3 WARNING: Address 15335 is outside range for A Write
blk_mem_gen_v8_4_3 WARNING: Address 15335 is outside range for A Read
blk_mem_gen_v8_4_3 WARNING: Address 15336 is outside range for A Write
blk_mem_gen_v8_4_3 WARNING: Address 15336 is outside range for A Read
blk_mem_gen_v8_4_3 WARNING: Address 15337 is outside range for A Write
blk_mem_gen_v8_4_3 WARNING: Address 15337 is outside range for A Read
blk_mem_gen_v8_4_3 WARNING: Address 15338 is outside range for A Write
blk_mem_gen_v8_4_3 WARNING: Address 15338 is outside range for A Read
blk_mem_gen_v8_4_3 WARNING: Address 15339 is outside range for A Write
blk_mem_gen_v8_4_3 WARNING: Address 15339 is outside range for A Read
blk_mem_gen_v8_4_3 WARNING: Address 1533a is outside range for A Write
blk_mem_gen_v8_4_3 WARNING: Address 1533a is outside range for A Read
blk_mem_gen_v8_4_3 WARNING: Address 1533b is outside range for A Write
blk_mem_gen_v8_4_3 WARNING: Address 1533b is outside range for A Read
blk_mem_gen_v8_4_3 WARNING: Address 1533c is outside range for A Write
blk_mem_gen_v8_4_3 WARNING: Address 1533c is outside range for A Read
blk_mem_gen_v8_4_3 WARNING: Address 1533d is outside range for A Write
blk_mem_gen_v8_4_3 WARNING: Address 1533d is outside range for A Read
blk_mem_gen_v8_4_3 WARNING: Address 1533e is outside range for A Write
blk_mem_gen_v8_4_3 WARNING: Address 1533e is outside range for A Read
blk_mem_gen_v8_4_3 WARNING: Address 1533f is outside range for A Write
blk_mem_gen_v8_4_3 WARNING: Address 1533f is outside range for A Read
blk_mem_gen_v8_4_3 WARNING: Address 15340 is outside range for A Write
blk_mem_gen_v8_4_3 WARNING: Address 15340 is outside range for A Read
blk_mem_gen_v8_4_3 WARNING: Address 15341 is outside range for A Write
blk_mem_gen_v8_4_3 WARNING: Address 15341 is outside range for A Read
blk_mem_gen_v8_4_3 WARNING: Address 15342 is outside range for A Write
blk_mem_gen_v8_4_3 WARNING: Address 15342 is outside range for A Read
blk_mem_gen_v8_4_3 WARNING: Address 15343 is outside range for A Write
blk_mem_gen_v8_4_3 WARNING: Address 15343 is outside range for A Read
blk_mem_gen_v8_4_3 WARNING: Address 15344 is outside range for A Write
blk_mem_gen_v8_4_3 WARNING: Address 15344 is outside range for A Read
blk_mem_gen_v8_4_3 WARNING: Address 15345 is outside range for A Write
blk_mem_gen_v8_4_3 WARNING: Address 15345 is outside range for A Read
blk_mem_gen_v8_4_3 WARNING: Address 15346 is outside range for A Write
blk_mem_gen_v8_4_3 WARNING: Address 15346 is outside range for A Read
blk_mem_gen_v8_4_3 WARNING: Address 15347 is outside range for A Write
blk_mem_gen_v8_4_3 WARNING: Address 15347 is outside range for A Read
blk_mem_gen_v8_4_3 WARNING: Address 15348 is outside range for A Write
blk_mem_gen_v8_4_3 WARNING: Address 15348 is outside range for A Read
blk_mem_gen_v8_4_3 WARNING: Address 154ac is outside range for A Write
blk_mem_gen_v8_4_3 WARNING: Address 154ac is outside range for A Read
blk_mem_gen_v8_4_3 WARNING: Address 154ad is outside range for A Write
blk_mem_gen_v8_4_3 WARNING: Address 154ad is outside range for A Read
blk_mem_gen_v8_4_3 WARNING: Address 154ae is outside range for A Write
blk_mem_gen_v8_4_3 WARNING: Address 154ae is outside range for A Read
blk_mem_gen_v8_4_3 WARNING: Address 154af is outside range for A Write
blk_mem_gen_v8_4_3 WARNING: Address 154af is outside range for A Read
blk_mem_gen_v8_4_3 WARNING: Address 154b0 is outside range for A Write
blk_mem_gen_v8_4_3 WARNING: Address 154b0 is outside range for A Read
blk_mem_gen_v8_4_3 WARNING: Address 154b1 is outside range for A Write
blk_mem_gen_v8_4_3 WARNING: Address 154b1 is outside range for A Read
blk_mem_gen_v8_4_3 WARNING: Address 154b2 is outside range for A Write
blk_mem_gen_v8_4_3 WARNING: Address 154b2 is outside range for A Read
blk_mem_gen_v8_4_3 WARNING: Address 154b3 is outside range for A Write
blk_mem_gen_v8_4_3 WARNING: Address 154b3 is outside range for A Read
blk_mem_gen_v8_4_3 WARNING: Address 154b4 is outside range for A Write
blk_mem_gen_v8_4_3 WARNING: Address 154b4 is outside range for A Read
blk_mem_gen_v8_4_3 WARNING: Address 154b5 is outside range for A Write
blk_mem_gen_v8_4_3 WARNING: Address 154b5 is outside range for A Read
blk_mem_gen_v8_4_3 WARNING: Address 154b6 is outside range for A Write
blk_mem_gen_v8_4_3 WARNING: Address 154b6 is outside range for A Read
blk_mem_gen_v8_4_3 WARNING: Address 154b7 is outside range for A Write
blk_mem_gen_v8_4_3 WARNING: Address 154b7 is outside range for A Read
blk_mem_gen_v8_4_3 WARNING: Address 154b8 is outside range for A Write
blk_mem_gen_v8_4_3 WARNING: Address 154b8 is outside range for A Read
blk_mem_gen_v8_4_3 WARNING: Address 154b9 is outside range for A Write
blk_mem_gen_v8_4_3 WARNING: Address 154b9 is outside range for A Read
blk_mem_gen_v8_4_3 WARNING: Address 154ba is outside range for A Write
blk_mem_gen_v8_4_3 WARNING: Address 154ba is outside range for A Read
blk_mem_gen_v8_4_3 WARNING: Address 154bb is outside range for A Write
blk_mem_gen_v8_4_3 WARNING: Address 154bb is outside range for A Read
blk_mem_gen_v8_4_3 WARNING: Address 154bc is outside range for A Write
blk_mem_gen_v8_4_3 WARNING: Address 154bc is outside range for A Read
blk_mem_gen_v8_4_3 WARNING: Address 154bd is outside range for A Write
blk_mem_gen_v8_4_3 WARNING: Address 154bd is outside range for A Read
blk_mem_gen_v8_4_3 WARNING: Address 154be is outside range for A Write
blk_mem_gen_v8_4_3 WARNING: Address 154be is outside range for A Read
blk_mem_gen_v8_4_3 WARNING: Address 154bf is outside range for A Write
blk_mem_gen_v8_4_3 WARNING: Address 154bf is outside range for A Read
blk_mem_gen_v8_4_3 WARNING: Address 154c0 is outside range for A Write
blk_mem_gen_v8_4_3 WARNING: Address 154c0 is outside range for A Read
blk_mem_gen_v8_4_3 WARNING: Address 154c1 is outside range for A Write
blk_mem_gen_v8_4_3 WARNING: Address 154c1 is outside range for A Read
blk_mem_gen_v8_4_3 WARNING: Address 154c2 is outside range for A Write
blk_mem_gen_v8_4_3 WARNING: Address 154c2 is outside range for A Read
blk_mem_gen_v8_4_3 WARNING: Address 154c3 is outside range for A Write
blk_mem_gen_v8_4_3 WARNING: Address 154c3 is outside range for A Read
blk_mem_gen_v8_4_3 WARNING: Address 154c4 is outside range for A Write
blk_mem_gen_v8_4_3 WARNING: Address 154c4 is outside range for A Read
blk_mem_gen_v8_4_3 WARNING: Address 154c5 is outside range for A Write
blk_mem_gen_v8_4_3 WARNING: Address 154c5 is outside range for A Read
blk_mem_gen_v8_4_3 WARNING: Address 154c6 is outside range for A Write
blk_mem_gen_v8_4_3 WARNING: Address 154c6 is outside range for A Read
blk_mem_gen_v8_4_3 WARNING: Address 154c7 is outside range for A Write
blk_mem_gen_v8_4_3 WARNING: Address 154c7 is outside range for A Read
blk_mem_gen_v8_4_3 WARNING: Address 154c8 is outside range for A Write
blk_mem_gen_v8_4_3 WARNING: Address 154c8 is outside range for A Read
blk_mem_gen_v8_4_3 WARNING: Address 154c9 is outside range for A Write
blk_mem_gen_v8_4_3 WARNING: Address 154c9 is outside range for A Read
blk_mem_gen_v8_4_3 WARNING: Address 154ca is outside range for A Write
blk_mem_gen_v8_4_3 WARNING: Address 154ca is outside range for A Read
blk_mem_gen_v8_4_3 WARNING: Address 154cb is outside range for A Write
blk_mem_gen_v8_4_3 WARNING: Address 154cb is outside range for A Read
blk_mem_gen_v8_4_3 WARNING: Address 154cc is outside range for A Write
blk_mem_gen_v8_4_3 WARNING: Address 154cc is outside range for A Read
blk_mem_gen_v8_4_3 WARNING: Address 154cd is outside range for A Write
blk_mem_gen_v8_4_3 WARNING: Address 154cd is outside range for A Read
blk_mem_gen_v8_4_3 WARNING: Address 154ce is outside range for A Write
blk_mem_gen_v8_4_3 WARNING: Address 154ce is outside range for A Read
blk_mem_gen_v8_4_3 WARNING: Address 154cf is outside range for A Write
blk_mem_gen_v8_4_3 WARNING: Address 154cf is outside range for A Read
blk_mem_gen_v8_4_3 WARNING: Address 154d0 is outside range for A Write
blk_mem_gen_v8_4_3 WARNING: Address 154d0 is outside range for A Read
blk_mem_gen_v8_4_3 WARNING: Address 154d1 is outside range for A Write
blk_mem_gen_v8_4_3 WARNING: Address 154d1 is outside range for A Read
blk_mem_gen_v8_4_3 WARNING: Address 154d2 is outside range for A Write
blk_mem_gen_v8_4_3 WARNING: Address 154d2 is outside range for A Read
blk_mem_gen_v8_4_3 WARNING: Address 154d3 is outside range for A Write
blk_mem_gen_v8_4_3 WARNING: Address 154d3 is outside range for A Read
blk_mem_gen_v8_4_3 WARNING: Address 154d4 is outside range for A Write
blk_mem_gen_v8_4_3 WARNING: Address 154d4 is outside range for A Read
blk_mem_gen_v8_4_3 WARNING: Address 154d5 is outside range for A Write
blk_mem_gen_v8_4_3 WARNING: Address 154d5 is outside range for A Read
blk_mem_gen_v8_4_3 WARNING: Address 154d6 is outside range for A Write
blk_mem_gen_v8_4_3 WARNING: Address 154d6 is outside range for A Read
blk_mem_gen_v8_4_3 WARNING: Address 154d7 is outside range for A Write
blk_mem_gen_v8_4_3 WARNING: Address 154d7 is outside range for A Read
blk_mem_gen_v8_4_3 WARNING: Address 154d8 is outside range for A Write
blk_mem_gen_v8_4_3 WARNING: Address 154d8 is outside range for A Read
blk_mem_gen_v8_4_3 WARNING: Address 154d9 is outside range for A Write
blk_mem_gen_v8_4_3 WARNING: Address 154d9 is outside range for A Read
blk_mem_gen_v8_4_3 WARNING: Address 154da is outside range for A Write
blk_mem_gen_v8_4_3 WARNING: Address 154da is outside range for A Read
blk_mem_gen_v8_4_3 WARNING: Address 154db is outside range for A Write
blk_mem_gen_v8_4_3 WARNING: Address 154db is outside range for A Read
blk_mem_gen_v8_4_3 WARNING: Address 154dc is outside range for A Write
blk_mem_gen_v8_4_3 WARNING: Address 154dc is outside range for A Read
blk_mem_gen_v8_4_3 WARNING: Address 154dd is outside range for A Write
blk_mem_gen_v8_4_3 WARNING: Address 154dd is outside range for A Read
blk_mem_gen_v8_4_3 WARNING: Address 154de is outside range for A Write
blk_mem_gen_v8_4_3 WARNING: Address 154de is outside range for A Read
blk_mem_gen_v8_4_3 WARNING: Address 154df is outside range for A Write
blk_mem_gen_v8_4_3 WARNING: Address 154df is outside range for A Read
blk_mem_gen_v8_4_3 WARNING: Address 154e0 is outside range for A Write
blk_mem_gen_v8_4_3 WARNING: Address 154e0 is outside range for A Read
blk_mem_gen_v8_4_3 WARNING: Address 154e1 is outside range for A Write
blk_mem_gen_v8_4_3 WARNING: Address 154e1 is outside range for A Read
blk_mem_gen_v8_4_3 WARNING: Address 154e2 is outside range for A Write
blk_mem_gen_v8_4_3 WARNING: Address 154e2 is outside range for A Read
blk_mem_gen_v8_4_3 WARNING: Address 154e3 is outside range for A Write
blk_mem_gen_v8_4_3 WARNING: Address 154e3 is outside range for A Read
blk_mem_gen_v8_4_3 WARNING: Address 154e4 is outside range for A Write
blk_mem_gen_v8_4_3 WARNING: Address 154e4 is outside range for A Read
blk_mem_gen_v8_4_3 WARNING: Address 154e5 is outside range for A Write
blk_mem_gen_v8_4_3 WARNING: Address 154e5 is outside range for A Read
blk_mem_gen_v8_4_3 WARNING: Address 154e6 is outside range for A Write
blk_mem_gen_v8_4_3 WARNING: Address 154e6 is outside range for A Read
blk_mem_gen_v8_4_3 WARNING: Address 154e7 is outside range for A Write
blk_mem_gen_v8_4_3 WARNING: Address 154e7 is outside range for A Read
blk_mem_gen_v8_4_3 WARNING: Address 154e8 is outside range for A Write
blk_mem_gen_v8_4_3 WARNING: Address 154e8 is outside range for A Read
blk_mem_gen_v8_4_3 WARNING: Address 154e9 is outside range for A Write
blk_mem_gen_v8_4_3 WARNING: Address 154e9 is outside range for A Read
blk_mem_gen_v8_4_3 WARNING: Address 154ea is outside range for A Write
blk_mem_gen_v8_4_3 WARNING: Address 154ea is outside range for A Read
blk_mem_gen_v8_4_3 WARNING: Address 154eb is outside range for A Write
blk_mem_gen_v8_4_3 WARNING: Address 154eb is outside range for A Read
blk_mem_gen_v8_4_3 WARNING: Address 154ec is outside range for A Write
blk_mem_gen_v8_4_3 WARNING: Address 154ec is outside range for A Read
blk_mem_gen_v8_4_3 WARNING: Address 154ed is outside range for A Write
blk_mem_gen_v8_4_3 WARNING: Address 154ed is outside range for A Read
blk_mem_gen_v8_4_3 WARNING: Address 154ee is outside range for A Write
blk_mem_gen_v8_4_3 WARNING: Address 154ee is outside range for A Read
blk_mem_gen_v8_4_3 WARNING: Address 154ef is outside range for A Write
blk_mem_gen_v8_4_3 WARNING: Address 154ef is outside range for A Read
blk_mem_gen_v8_4_3 WARNING: Address 154f0 is outside range for A Write
blk_mem_gen_v8_4_3 WARNING: Address 154f0 is outside range for A Read
blk_mem_gen_v8_4_3 WARNING: Address 154f1 is outside range for A Write
blk_mem_gen_v8_4_3 WARNING: Address 154f1 is outside range for A Read
blk_mem_gen_v8_4_3 WARNING: Address 154f2 is outside range for A Write
blk_mem_gen_v8_4_3 WARNING: Address 154f2 is outside range for A Read
blk_mem_gen_v8_4_3 WARNING: Address 154f3 is outside range for A Write
blk_mem_gen_v8_4_3 WARNING: Address 154f3 is outside range for A Read
blk_mem_gen_v8_4_3 WARNING: Address 154f4 is outside range for A Write
blk_mem_gen_v8_4_3 WARNING: Address 154f4 is outside range for A Read
blk_mem_gen_v8_4_3 WARNING: Address 154f5 is outside range for A Write
blk_mem_gen_v8_4_3 WARNING: Address 154f5 is outside range for A Read
blk_mem_gen_v8_4_3 WARNING: Address 154f6 is outside range for A Write
blk_mem_gen_v8_4_3 WARNING: Address 154f6 is outside range for A Read
blk_mem_gen_v8_4_3 WARNING: Address 1565a is outside range for A Write
blk_mem_gen_v8_4_3 WARNING: Address 1565a is outside range for A Read
blk_mem_gen_v8_4_3 WARNING: Address 1565b is outside range for A Write
blk_mem_gen_v8_4_3 WARNING: Address 1565b is outside range for A Read
blk_mem_gen_v8_4_3 WARNING: Address 1565c is outside range for A Write
blk_mem_gen_v8_4_3 WARNING: Address 1565c is outside range for A Read
blk_mem_gen_v8_4_3 WARNING: Address 1565d is outside range for A Write
blk_mem_gen_v8_4_3 WARNING: Address 1565d is outside range for A Read
blk_mem_gen_v8_4_3 WARNING: Address 1565e is outside range for A Write
blk_mem_gen_v8_4_3 WARNING: Address 1565e is outside range for A Read
blk_mem_gen_v8_4_3 WARNING: Address 1565f is outside range for A Write
blk_mem_gen_v8_4_3 WARNING: Address 1565f is outside range for A Read
blk_mem_gen_v8_4_3 WARNING: Address 15660 is outside range for A Write
blk_mem_gen_v8_4_3 WARNING: Address 15660 is outside range for A Read
blk_mem_gen_v8_4_3 WARNING: Address 15661 is outside range for A Write
blk_mem_gen_v8_4_3 WARNING: Address 15661 is outside range for A Read
blk_mem_gen_v8_4_3 WARNING: Address 15662 is outside range for A Write
blk_mem_gen_v8_4_3 WARNING: Address 15662 is outside range for A Read
blk_mem_gen_v8_4_3 WARNING: Address 15663 is outside range for A Write
blk_mem_gen_v8_4_3 WARNING: Address 15663 is outside range for A Read
blk_mem_gen_v8_4_3 WARNING: Address 15664 is outside range for A Write
blk_mem_gen_v8_4_3 WARNING: Address 15664 is outside range for A Read
blk_mem_gen_v8_4_3 WARNING: Address 15665 is outside range for A Write
blk_mem_gen_v8_4_3 WARNING: Address 15665 is outside range for A Read
blk_mem_gen_v8_4_3 WARNING: Address 15666 is outside range for A Write
blk_mem_gen_v8_4_3 WARNING: Address 15666 is outside range for A Read
blk_mem_gen_v8_4_3 WARNING: Address 15667 is outside range for A Write
blk_mem_gen_v8_4_3 WARNING: Address 15667 is outside range for A Read
blk_mem_gen_v8_4_3 WARNING: Address 15668 is outside range for A Write
blk_mem_gen_v8_4_3 WARNING: Address 15668 is outside range for A Read
blk_mem_gen_v8_4_3 WARNING: Address 15669 is outside range for A Write
blk_mem_gen_v8_4_3 WARNING: Address 15669 is outside range for A Read
blk_mem_gen_v8_4_3 WARNING: Address 1566a is outside range for A Write
blk_mem_gen_v8_4_3 WARNING: Address 1566a is outside range for A Read
blk_mem_gen_v8_4_3 WARNING: Address 1566b is outside range for A Write
blk_mem_gen_v8_4_3 WARNING: Address 1566b is outside range for A Read
blk_mem_gen_v8_4_3 WARNING: Address 1566c is outside range for A Write
blk_mem_gen_v8_4_3 WARNING: Address 1566c is outside range for A Read
blk_mem_gen_v8_4_3 WARNING: Address 1566d is outside range for A Write
blk_mem_gen_v8_4_3 WARNING: Address 1566d is outside range for A Read
blk_mem_gen_v8_4_3 WARNING: Address 1566e is outside range for A Write
blk_mem_gen_v8_4_3 WARNING: Address 1566e is outside range for A Read
blk_mem_gen_v8_4_3 WARNING: Address 1566f is outside range for A Write
blk_mem_gen_v8_4_3 WARNING: Address 1566f is outside range for A Read
blk_mem_gen_v8_4_3 WARNING: Address 15670 is outside range for A Write
blk_mem_gen_v8_4_3 WARNING: Address 15670 is outside range for A Read
blk_mem_gen_v8_4_3 WARNING: Address 15671 is outside range for A Write
blk_mem_gen_v8_4_3 WARNING: Address 15671 is outside range for A Read
blk_mem_gen_v8_4_3 WARNING: Address 15672 is outside range for A Write
blk_mem_gen_v8_4_3 WARNING: Address 15672 is outside range for A Read
blk_mem_gen_v8_4_3 WARNING: Address 15673 is outside range for A Write
blk_mem_gen_v8_4_3 WARNING: Address 15673 is outside range for A Read
blk_mem_gen_v8_4_3 WARNING: Address 15674 is outside range for A Write
blk_mem_gen_v8_4_3 WARNING: Address 15674 is outside range for A Read
blk_mem_gen_v8_4_3 WARNING: Address 15675 is outside range for A Write
blk_mem_gen_v8_4_3 WARNING: Address 15675 is outside range for A Read
blk_mem_gen_v8_4_3 WARNING: Address 15676 is outside range for A Write
blk_mem_gen_v8_4_3 WARNING: Address 15676 is outside range for A Read
blk_mem_gen_v8_4_3 WARNING: Address 15677 is outside range for A Write
blk_mem_gen_v8_4_3 WARNING: Address 15677 is outside range for A Read
blk_mem_gen_v8_4_3 WARNING: Address 15678 is outside range for A Write
blk_mem_gen_v8_4_3 WARNING: Address 15678 is outside range for A Read
blk_mem_gen_v8_4_3 WARNING: Address 15679 is outside range for A Write
blk_mem_gen_v8_4_3 WARNING: Address 15679 is outside range for A Read
blk_mem_gen_v8_4_3 WARNING: Address 1567a is outside range for A Write
blk_mem_gen_v8_4_3 WARNING: Address 1567a is outside range for A Read
blk_mem_gen_v8_4_3 WARNING: Address 1567b is outside range for A Write
blk_mem_gen_v8_4_3 WARNING: Address 1567b is outside range for A Read
blk_mem_gen_v8_4_3 WARNING: Address 1567c is outside range for A Write
blk_mem_gen_v8_4_3 WARNING: Address 1567c is outside range for A Read
blk_mem_gen_v8_4_3 WARNING: Address 1567d is outside range for A Write
blk_mem_gen_v8_4_3 WARNING: Address 1567d is outside range for A Read
blk_mem_gen_v8_4_3 WARNING: Address 1567e is outside range for A Write
blk_mem_gen_v8_4_3 WARNING: Address 1567e is outside range for A Read
blk_mem_gen_v8_4_3 WARNING: Address 1567f is outside range for A Write
blk_mem_gen_v8_4_3 WARNING: Address 1567f is outside range for A Read
blk_mem_gen_v8_4_3 WARNING: Address 15680 is outside range for A Write
blk_mem_gen_v8_4_3 WARNING: Address 15680 is outside range for A Read
blk_mem_gen_v8_4_3 WARNING: Address 15681 is outside range for A Write
blk_mem_gen_v8_4_3 WARNING: Address 15681 is outside range for A Read
blk_mem_gen_v8_4_3 WARNING: Address 15682 is outside range for A Write
blk_mem_gen_v8_4_3 WARNING: Address 15682 is outside range for A Read
blk_mem_gen_v8_4_3 WARNING: Address 15683 is outside range for A Write
blk_mem_gen_v8_4_3 WARNING: Address 15683 is outside range for A Read
blk_mem_gen_v8_4_3 WARNING: Address 15684 is outside range for A Write
blk_mem_gen_v8_4_3 WARNING: Address 15684 is outside range for A Read
blk_mem_gen_v8_4_3 WARNING: Address 15685 is outside range for A Write
blk_mem_gen_v8_4_3 WARNING: Address 15685 is outside range for A Read
blk_mem_gen_v8_4_3 WARNING: Address 15686 is outside range for A Write
blk_mem_gen_v8_4_3 WARNING: Address 15686 is outside range for A Read
blk_mem_gen_v8_4_3 WARNING: Address 15687 is outside range for A Write
blk_mem_gen_v8_4_3 WARNING: Address 15687 is outside range for A Read
blk_mem_gen_v8_4_3 WARNING: Address 15688 is outside range for A Write
blk_mem_gen_v8_4_3 WARNING: Address 15688 is outside range for A Read
blk_mem_gen_v8_4_3 WARNING: Address 15689 is outside range for A Write
blk_mem_gen_v8_4_3 WARNING: Address 15689 is outside range for A Read
blk_mem_gen_v8_4_3 WARNING: Address 1568a is outside range for A Write
blk_mem_gen_v8_4_3 WARNING: Address 1568a is outside range for A Read
blk_mem_gen_v8_4_3 WARNING: Address 1568b is outside range for A Write
blk_mem_gen_v8_4_3 WARNING: Address 1568b is outside range for A Read
blk_mem_gen_v8_4_3 WARNING: Address 1568c is outside range for A Write
blk_mem_gen_v8_4_3 WARNING: Address 1568c is outside range for A Read
blk_mem_gen_v8_4_3 WARNING: Address 1568d is outside range for A Write
blk_mem_gen_v8_4_3 WARNING: Address 1568d is outside range for A Read
blk_mem_gen_v8_4_3 WARNING: Address 1568e is outside range for A Write
blk_mem_gen_v8_4_3 WARNING: Address 1568e is outside range for A Read
blk_mem_gen_v8_4_3 WARNING: Address 1568f is outside range for A Write
blk_mem_gen_v8_4_3 WARNING: Address 1568f is outside range for A Read
blk_mem_gen_v8_4_3 WARNING: Address 15690 is outside range for A Write
blk_mem_gen_v8_4_3 WARNING: Address 15690 is outside range for A Read
blk_mem_gen_v8_4_3 WARNING: Address 15691 is outside range for A Write
blk_mem_gen_v8_4_3 WARNING: Address 15691 is outside range for A Read
blk_mem_gen_v8_4_3 WARNING: Address 15692 is outside range for A Write
blk_mem_gen_v8_4_3 WARNING: Address 15692 is outside range for A Read
blk_mem_gen_v8_4_3 WARNING: Address 15693 is outside range for A Write
blk_mem_gen_v8_4_3 WARNING: Address 15693 is outside range for A Read
blk_mem_gen_v8_4_3 WARNING: Address 15694 is outside range for A Write
blk_mem_gen_v8_4_3 WARNING: Address 15694 is outside range for A Read
blk_mem_gen_v8_4_3 WARNING: Address 15695 is outside range for A Write
blk_mem_gen_v8_4_3 WARNING: Address 15695 is outside range for A Read
blk_mem_gen_v8_4_3 WARNING: Address 15696 is outside range for A Write
blk_mem_gen_v8_4_3 WARNING: Address 15696 is outside range for A Read
blk_mem_gen_v8_4_3 WARNING: Address 15697 is outside range for A Write
blk_mem_gen_v8_4_3 WARNING: Address 15697 is outside range for A Read
blk_mem_gen_v8_4_3 WARNING: Address 15698 is outside range for A Write
blk_mem_gen_v8_4_3 WARNING: Address 15698 is outside range for A Read
blk_mem_gen_v8_4_3 WARNING: Address 15699 is outside range for A Write
blk_mem_gen_v8_4_3 WARNING: Address 15699 is outside range for A Read
blk_mem_gen_v8_4_3 WARNING: Address 1569a is outside range for A Write
blk_mem_gen_v8_4_3 WARNING: Address 1569a is outside range for A Read
blk_mem_gen_v8_4_3 WARNING: Address 1569b is outside range for A Write
blk_mem_gen_v8_4_3 WARNING: Address 1569b is outside range for A Read
blk_mem_gen_v8_4_3 WARNING: Address 1569c is outside range for A Write
blk_mem_gen_v8_4_3 WARNING: Address 1569c is outside range for A Read
blk_mem_gen_v8_4_3 WARNING: Address 1569d is outside range for A Write
blk_mem_gen_v8_4_3 WARNING: Address 1569d is outside range for A Read
blk_mem_gen_v8_4_3 WARNING: Address 1569e is outside range for A Write
blk_mem_gen_v8_4_3 WARNING: Address 1569e is outside range for A Read
blk_mem_gen_v8_4_3 WARNING: Address 1569f is outside range for A Write
blk_mem_gen_v8_4_3 WARNING: Address 1569f is outside range for A Read
blk_mem_gen_v8_4_3 WARNING: Address 156a0 is outside range for A Write
blk_mem_gen_v8_4_3 WARNING: Address 156a0 is outside range for A Read
blk_mem_gen_v8_4_3 WARNING: Address 156a1 is outside range for A Write
blk_mem_gen_v8_4_3 WARNING: Address 156a1 is outside range for A Read
blk_mem_gen_v8_4_3 WARNING: Address 156a2 is outside range for A Write
blk_mem_gen_v8_4_3 WARNING: Address 156a2 is outside range for A Read
blk_mem_gen_v8_4_3 WARNING: Address 156a3 is outside range for A Write
blk_mem_gen_v8_4_3 WARNING: Address 156a3 is outside range for A Read
blk_mem_gen_v8_4_3 WARNING: Address 156a4 is outside range for A Write
blk_mem_gen_v8_4_3 WARNING: Address 156a4 is outside range for A Read
blk_mem_gen_v8_4_3 WARNING: Address 15808 is outside range for A Write
blk_mem_gen_v8_4_3 WARNING: Address 15808 is outside range for A Read
blk_mem_gen_v8_4_3 WARNING: Address 15809 is outside range for A Write
blk_mem_gen_v8_4_3 WARNING: Address 15809 is outside range for A Read
blk_mem_gen_v8_4_3 WARNING: Address 1580a is outside range for A Write
blk_mem_gen_v8_4_3 WARNING: Address 1580a is outside range for A Read
blk_mem_gen_v8_4_3 WARNING: Address 1580b is outside range for A Write
blk_mem_gen_v8_4_3 WARNING: Address 1580b is outside range for A Read
blk_mem_gen_v8_4_3 WARNING: Address 1580c is outside range for A Write
blk_mem_gen_v8_4_3 WARNING: Address 1580c is outside range for A Read
blk_mem_gen_v8_4_3 WARNING: Address 1580d is outside range for A Write
blk_mem_gen_v8_4_3 WARNING: Address 1580d is outside range for A Read
blk_mem_gen_v8_4_3 WARNING: Address 1580e is outside range for A Write
blk_mem_gen_v8_4_3 WARNING: Address 1580e is outside range for A Read
blk_mem_gen_v8_4_3 WARNING: Address 1580f is outside range for A Write
blk_mem_gen_v8_4_3 WARNING: Address 1580f is outside range for A Read
blk_mem_gen_v8_4_3 WARNING: Address 15810 is outside range for A Write
blk_mem_gen_v8_4_3 WARNING: Address 15810 is outside range for A Read
blk_mem_gen_v8_4_3 WARNING: Address 15811 is outside range for A Write
blk_mem_gen_v8_4_3 WARNING: Address 15811 is outside range for A Read
blk_mem_gen_v8_4_3 WARNING: Address 15812 is outside range for A Write
blk_mem_gen_v8_4_3 WARNING: Address 15812 is outside range for A Read
blk_mem_gen_v8_4_3 WARNING: Address 15813 is outside range for A Write
blk_mem_gen_v8_4_3 WARNING: Address 15813 is outside range for A Read
blk_mem_gen_v8_4_3 WARNING: Address 15814 is outside range for A Write
blk_mem_gen_v8_4_3 WARNING: Address 15814 is outside range for A Read
blk_mem_gen_v8_4_3 WARNING: Address 15815 is outside range for A Write
blk_mem_gen_v8_4_3 WARNING: Address 15815 is outside range for A Read
blk_mem_gen_v8_4_3 WARNING: Address 15816 is outside range for A Write
blk_mem_gen_v8_4_3 WARNING: Address 15816 is outside range for A Read
blk_mem_gen_v8_4_3 WARNING: Address 15817 is outside range for A Write
blk_mem_gen_v8_4_3 WARNING: Address 15817 is outside range for A Read
blk_mem_gen_v8_4_3 WARNING: Address 15818 is outside range for A Write
blk_mem_gen_v8_4_3 WARNING: Address 15818 is outside range for A Read
blk_mem_gen_v8_4_3 WARNING: Address 15819 is outside range for A Write
blk_mem_gen_v8_4_3 WARNING: Address 15819 is outside range for A Read
blk_mem_gen_v8_4_3 WARNING: Address 1581a is outside range for A Write
blk_mem_gen_v8_4_3 WARNING: Address 1581a is outside range for A Read
blk_mem_gen_v8_4_3 WARNING: Address 1581b is outside range for A Write
blk_mem_gen_v8_4_3 WARNING: Address 1581b is outside range for A Read
blk_mem_gen_v8_4_3 WARNING: Address 1581c is outside range for A Write
blk_mem_gen_v8_4_3 WARNING: Address 1581c is outside range for A Read
blk_mem_gen_v8_4_3 WARNING: Address 1581d is outside range for A Write
blk_mem_gen_v8_4_3 WARNING: Address 1581d is outside range for A Read
blk_mem_gen_v8_4_3 WARNING: Address 1581e is outside range for A Write
blk_mem_gen_v8_4_3 WARNING: Address 1581e is outside range for A Read
blk_mem_gen_v8_4_3 WARNING: Address 1581f is outside range for A Write
blk_mem_gen_v8_4_3 WARNING: Address 1581f is outside range for A Read
blk_mem_gen_v8_4_3 WARNING: Address 15820 is outside range for A Write
blk_mem_gen_v8_4_3 WARNING: Address 15820 is outside range for A Read
blk_mem_gen_v8_4_3 WARNING: Address 15821 is outside range for A Write
blk_mem_gen_v8_4_3 WARNING: Address 15821 is outside range for A Read
blk_mem_gen_v8_4_3 WARNING: Address 15822 is outside range for A Write
blk_mem_gen_v8_4_3 WARNING: Address 15822 is outside range for A Read
blk_mem_gen_v8_4_3 WARNING: Address 15823 is outside range for A Write
blk_mem_gen_v8_4_3 WARNING: Address 15823 is outside range for A Read
blk_mem_gen_v8_4_3 WARNING: Address 15824 is outside range for A Write
blk_mem_gen_v8_4_3 WARNING: Address 15824 is outside range for A Read
blk_mem_gen_v8_4_3 WARNING: Address 15825 is outside range for A Write
blk_mem_gen_v8_4_3 WARNING: Address 15825 is outside range for A Read
blk_mem_gen_v8_4_3 WARNING: Address 15826 is outside range for A Write
blk_mem_gen_v8_4_3 WARNING: Address 15826 is outside range for A Read
blk_mem_gen_v8_4_3 WARNING: Address 15827 is outside range for A Write
blk_mem_gen_v8_4_3 WARNING: Address 15827 is outside range for A Read
blk_mem_gen_v8_4_3 WARNING: Address 15828 is outside range for A Write
blk_mem_gen_v8_4_3 WARNING: Address 15828 is outside range for A Read
blk_mem_gen_v8_4_3 WARNING: Address 15829 is outside range for A Write
blk_mem_gen_v8_4_3 WARNING: Address 15829 is outside range for A Read
blk_mem_gen_v8_4_3 WARNING: Address 1582a is outside range for A Write
blk_mem_gen_v8_4_3 WARNING: Address 1582a is outside range for A Read
blk_mem_gen_v8_4_3 WARNING: Address 1582b is outside range for A Write
blk_mem_gen_v8_4_3 WARNING: Address 1582b is outside range for A Read
blk_mem_gen_v8_4_3 WARNING: Address 1582c is outside range for A Write
blk_mem_gen_v8_4_3 WARNING: Address 1582c is outside range for A Read
blk_mem_gen_v8_4_3 WARNING: Address 1582d is outside range for A Write
blk_mem_gen_v8_4_3 WARNING: Address 1582d is outside range for A Read
blk_mem_gen_v8_4_3 WARNING: Address 1582e is outside range for A Write
blk_mem_gen_v8_4_3 WARNING: Address 1582e is outside range for A Read
blk_mem_gen_v8_4_3 WARNING: Address 1582f is outside range for A Write
blk_mem_gen_v8_4_3 WARNING: Address 1582f is outside range for A Read
blk_mem_gen_v8_4_3 WARNING: Address 15830 is outside range for A Write
blk_mem_gen_v8_4_3 WARNING: Address 15830 is outside range for A Read
blk_mem_gen_v8_4_3 WARNING: Address 15831 is outside range for A Write
blk_mem_gen_v8_4_3 WARNING: Address 15831 is outside range for A Read
blk_mem_gen_v8_4_3 WARNING: Address 15832 is outside range for A Write
blk_mem_gen_v8_4_3 WARNING: Address 15832 is outside range for A Read
blk_mem_gen_v8_4_3 WARNING: Address 15833 is outside range for A Write
blk_mem_gen_v8_4_3 WARNING: Address 15833 is outside range for A Read
blk_mem_gen_v8_4_3 WARNING: Address 15834 is outside range for A Write
blk_mem_gen_v8_4_3 WARNING: Address 15834 is outside range for A Read
blk_mem_gen_v8_4_3 WARNING: Address 15835 is outside range for A Write
blk_mem_gen_v8_4_3 WARNING: Address 15835 is outside range for A Read
blk_mem_gen_v8_4_3 WARNING: Address 15836 is outside range for A Write
blk_mem_gen_v8_4_3 WARNING: Address 15836 is outside range for A Read
blk_mem_gen_v8_4_3 WARNING: Address 15837 is outside range for A Write
blk_mem_gen_v8_4_3 WARNING: Address 15837 is outside range for A Read
blk_mem_gen_v8_4_3 WARNING: Address 15838 is outside range for A Write
blk_mem_gen_v8_4_3 WARNING: Address 15838 is outside range for A Read
blk_mem_gen_v8_4_3 WARNING: Address 15839 is outside range for A Write
blk_mem_gen_v8_4_3 WARNING: Address 15839 is outside range for A Read
blk_mem_gen_v8_4_3 WARNING: Address 1583a is outside range for A Write
blk_mem_gen_v8_4_3 WARNING: Address 1583a is outside range for A Read
blk_mem_gen_v8_4_3 WARNING: Address 1583b is outside range for A Write
blk_mem_gen_v8_4_3 WARNING: Address 1583b is outside range for A Read
blk_mem_gen_v8_4_3 WARNING: Address 1583c is outside range for A Write
blk_mem_gen_v8_4_3 WARNING: Address 1583c is outside range for A Read
blk_mem_gen_v8_4_3 WARNING: Address 1583d is outside range for A Write
blk_mem_gen_v8_4_3 WARNING: Address 1583d is outside range for A Read
blk_mem_gen_v8_4_3 WARNING: Address 1583e is outside range for A Write
blk_mem_gen_v8_4_3 WARNING: Address 1583e is outside range for A Read
blk_mem_gen_v8_4_3 WARNING: Address 1583f is outside range for A Write
blk_mem_gen_v8_4_3 WARNING: Address 1583f is outside range for A Read
blk_mem_gen_v8_4_3 WARNING: Address 15840 is outside range for A Write
blk_mem_gen_v8_4_3 WARNING: Address 15840 is outside range for A Read
blk_mem_gen_v8_4_3 WARNING: Address 15841 is outside range for A Write
blk_mem_gen_v8_4_3 WARNING: Address 15841 is outside range for A Read
blk_mem_gen_v8_4_3 WARNING: Address 15842 is outside range for A Write
blk_mem_gen_v8_4_3 WARNING: Address 15842 is outside range for A Read
blk_mem_gen_v8_4_3 WARNING: Address 15843 is outside range for A Write
blk_mem_gen_v8_4_3 WARNING: Address 15843 is outside range for A Read
blk_mem_gen_v8_4_3 WARNING: Address 15844 is outside range for A Write
blk_mem_gen_v8_4_3 WARNING: Address 15844 is outside range for A Read
blk_mem_gen_v8_4_3 WARNING: Address 15845 is outside range for A Write
blk_mem_gen_v8_4_3 WARNING: Address 15845 is outside range for A Read
blk_mem_gen_v8_4_3 WARNING: Address 15846 is outside range for A Write
blk_mem_gen_v8_4_3 WARNING: Address 15846 is outside range for A Read
blk_mem_gen_v8_4_3 WARNING: Address 15847 is outside range for A Write
blk_mem_gen_v8_4_3 WARNING: Address 15847 is outside range for A Read
blk_mem_gen_v8_4_3 WARNING: Address 15848 is outside range for A Write
blk_mem_gen_v8_4_3 WARNING: Address 15848 is outside range for A Read
blk_mem_gen_v8_4_3 WARNING: Address 15849 is outside range for A Write
blk_mem_gen_v8_4_3 WARNING: Address 15849 is outside range for A Read
blk_mem_gen_v8_4_3 WARNING: Address 1584a is outside range for A Write
blk_mem_gen_v8_4_3 WARNING: Address 1584a is outside range for A Read
blk_mem_gen_v8_4_3 WARNING: Address 1584b is outside range for A Write
blk_mem_gen_v8_4_3 WARNING: Address 1584b is outside range for A Read
blk_mem_gen_v8_4_3 WARNING: Address 1584c is outside range for A Write
blk_mem_gen_v8_4_3 WARNING: Address 1584c is outside range for A Read
blk_mem_gen_v8_4_3 WARNING: Address 1584d is outside range for A Write
blk_mem_gen_v8_4_3 WARNING: Address 1584d is outside range for A Read
blk_mem_gen_v8_4_3 WARNING: Address 1584e is outside range for A Write
blk_mem_gen_v8_4_3 WARNING: Address 1584e is outside range for A Read
blk_mem_gen_v8_4_3 WARNING: Address 1584f is outside range for A Write
blk_mem_gen_v8_4_3 WARNING: Address 1584f is outside range for A Read
blk_mem_gen_v8_4_3 WARNING: Address 15850 is outside range for A Write
blk_mem_gen_v8_4_3 WARNING: Address 15850 is outside range for A Read
blk_mem_gen_v8_4_3 WARNING: Address 15851 is outside range for A Write
blk_mem_gen_v8_4_3 WARNING: Address 15851 is outside range for A Read
blk_mem_gen_v8_4_3 WARNING: Address 15852 is outside range for A Write
blk_mem_gen_v8_4_3 WARNING: Address 15852 is outside range for A Read
blk_mem_gen_v8_4_3 WARNING: Address 159b6 is outside range for A Write
blk_mem_gen_v8_4_3 WARNING: Address 159b6 is outside range for A Read
blk_mem_gen_v8_4_3 WARNING: Address 15082 is outside range for A Write
blk_mem_gen_v8_4_3 WARNING: Address 15082 is outside range for A Read
blk_mem_gen_v8_4_3 WARNING: Address 15083 is outside range for A Write
blk_mem_gen_v8_4_3 WARNING: Address 15083 is outside range for A Read
blk_mem_gen_v8_4_3 WARNING: Address 15084 is outside range for A Write
blk_mem_gen_v8_4_3 WARNING: Address 15084 is outside range for A Read
blk_mem_gen_v8_4_3 WARNING: Address 15085 is outside range for A Write
blk_mem_gen_v8_4_3 WARNING: Address 15085 is outside range for A Read
blk_mem_gen_v8_4_3 WARNING: Address 15086 is outside range for A Write
blk_mem_gen_v8_4_3 WARNING: Address 15086 is outside range for A Read
blk_mem_gen_v8_4_3 WARNING: Address 15087 is outside range for A Write
blk_mem_gen_v8_4_3 WARNING: Address 15087 is outside range for A Read
blk_mem_gen_v8_4_3 WARNING: Address 15088 is outside range for A Write
blk_mem_gen_v8_4_3 WARNING: Address 15088 is outside range for A Read
blk_mem_gen_v8_4_3 WARNING: Address 15089 is outside range for A Write
blk_mem_gen_v8_4_3 WARNING: Address 15089 is outside range for A Read
blk_mem_gen_v8_4_3 WARNING: Address 1508a is outside range for A Write
blk_mem_gen_v8_4_3 WARNING: Address 1508a is outside range for A Read
blk_mem_gen_v8_4_3 WARNING: Address 1508b is outside range for A Write
blk_mem_gen_v8_4_3 WARNING: Address 1508b is outside range for A Read
blk_mem_gen_v8_4_3 WARNING: Address 1508c is outside range for A Write
blk_mem_gen_v8_4_3 WARNING: Address 1508c is outside range for A Read
blk_mem_gen_v8_4_3 WARNING: Address 1508d is outside range for A Write
blk_mem_gen_v8_4_3 WARNING: Address 1508d is outside range for A Read
blk_mem_gen_v8_4_3 WARNING: Address 1508e is outside range for A Write
blk_mem_gen_v8_4_3 WARNING: Address 1508e is outside range for A Read
blk_mem_gen_v8_4_3 WARNING: Address 1508f is outside range for A Write
blk_mem_gen_v8_4_3 WARNING: Address 1508f is outside range for A Read
blk_mem_gen_v8_4_3 WARNING: Address 15090 is outside range for A Write
blk_mem_gen_v8_4_3 WARNING: Address 15090 is outside range for A Read
blk_mem_gen_v8_4_3 WARNING: Address 15091 is outside range for A Write
blk_mem_gen_v8_4_3 WARNING: Address 15091 is outside range for A Read
blk_mem_gen_v8_4_3 WARNING: Address 15092 is outside range for A Write
blk_mem_gen_v8_4_3 WARNING: Address 15092 is outside range for A Read
blk_mem_gen_v8_4_3 WARNING: Address 15093 is outside range for A Write
blk_mem_gen_v8_4_3 WARNING: Address 15093 is outside range for A Read
blk_mem_gen_v8_4_3 WARNING: Address 15094 is outside range for A Write
blk_mem_gen_v8_4_3 WARNING: Address 15094 is outside range for A Read
blk_mem_gen_v8_4_3 WARNING: Address 15095 is outside range for A Write
blk_mem_gen_v8_4_3 WARNING: Address 15095 is outside range for A Read
blk_mem_gen_v8_4_3 WARNING: Address 15096 is outside range for A Write
blk_mem_gen_v8_4_3 WARNING: Address 15096 is outside range for A Read
blk_mem_gen_v8_4_3 WARNING: Address 15097 is outside range for A Write
blk_mem_gen_v8_4_3 WARNING: Address 15097 is outside range for A Read
blk_mem_gen_v8_4_3 WARNING: Address 15098 is outside range for A Write
blk_mem_gen_v8_4_3 WARNING: Address 15098 is outside range for A Read
blk_mem_gen_v8_4_3 WARNING: Address 15099 is outside range for A Write
blk_mem_gen_v8_4_3 WARNING: Address 15099 is outside range for A Read
blk_mem_gen_v8_4_3 WARNING: Address 1509a is outside range for A Write
blk_mem_gen_v8_4_3 WARNING: Address 1509a is outside range for A Read
blk_mem_gen_v8_4_3 WARNING: Address 1509b is outside range for A Write
blk_mem_gen_v8_4_3 WARNING: Address 1509b is outside range for A Read
blk_mem_gen_v8_4_3 WARNING: Address 1509c is outside range for A Write
blk_mem_gen_v8_4_3 WARNING: Address 1509c is outside range for A Read
blk_mem_gen_v8_4_3 WARNING: Address 1509d is outside range for A Write
blk_mem_gen_v8_4_3 WARNING: Address 1509d is outside range for A Read
blk_mem_gen_v8_4_3 WARNING: Address 1509e is outside range for A Write
blk_mem_gen_v8_4_3 WARNING: Address 1509e is outside range for A Read
blk_mem_gen_v8_4_3 WARNING: Address 1509f is outside range for A Write
blk_mem_gen_v8_4_3 WARNING: Address 1509f is outside range for A Read
blk_mem_gen_v8_4_3 WARNING: Address 150a0 is outside range for A Write
blk_mem_gen_v8_4_3 WARNING: Address 150a0 is outside range for A Read
blk_mem_gen_v8_4_3 WARNING: Address 150a1 is outside range for A Write
blk_mem_gen_v8_4_3 WARNING: Address 150a1 is outside range for A Read
blk_mem_gen_v8_4_3 WARNING: Address 150a2 is outside range for A Write
blk_mem_gen_v8_4_3 WARNING: Address 150a2 is outside range for A Read
blk_mem_gen_v8_4_3 WARNING: Address 150a3 is outside range for A Write
blk_mem_gen_v8_4_3 WARNING: Address 150a3 is outside range for A Read
blk_mem_gen_v8_4_3 WARNING: Address 150a4 is outside range for A Write
blk_mem_gen_v8_4_3 WARNING: Address 150a4 is outside range for A Read
blk_mem_gen_v8_4_3 WARNING: Address 150a5 is outside range for A Write
blk_mem_gen_v8_4_3 WARNING: Address 150a5 is outside range for A Read
blk_mem_gen_v8_4_3 WARNING: Address 150a6 is outside range for A Write
blk_mem_gen_v8_4_3 WARNING: Address 150a6 is outside range for A Read
blk_mem_gen_v8_4_3 WARNING: Address 150a7 is outside range for A Write
blk_mem_gen_v8_4_3 WARNING: Address 150a7 is outside range for A Read
blk_mem_gen_v8_4_3 WARNING: Address 150a8 is outside range for A Write
blk_mem_gen_v8_4_3 WARNING: Address 150a8 is outside range for A Read
blk_mem_gen_v8_4_3 WARNING: Address 150a9 is outside range for A Write
blk_mem_gen_v8_4_3 WARNING: Address 150a9 is outside range for A Read
blk_mem_gen_v8_4_3 WARNING: Address 150aa is outside range for A Write
blk_mem_gen_v8_4_3 WARNING: Address 150aa is outside range for A Read
blk_mem_gen_v8_4_3 WARNING: Address 15230 is outside range for A Write
blk_mem_gen_v8_4_3 WARNING: Address 15230 is outside range for A Read
blk_mem_gen_v8_4_3 WARNING: Address 15231 is outside range for A Write
blk_mem_gen_v8_4_3 WARNING: Address 15231 is outside range for A Read
blk_mem_gen_v8_4_3 WARNING: Address 15232 is outside range for A Write
blk_mem_gen_v8_4_3 WARNING: Address 15232 is outside range for A Read
blk_mem_gen_v8_4_3 WARNING: Address 15233 is outside range for A Write
blk_mem_gen_v8_4_3 WARNING: Address 15233 is outside range for A Read
blk_mem_gen_v8_4_3 WARNING: Address 15234 is outside range for A Write
blk_mem_gen_v8_4_3 WARNING: Address 15234 is outside range for A Read
blk_mem_gen_v8_4_3 WARNING: Address 15235 is outside range for A Write
blk_mem_gen_v8_4_3 WARNING: Address 15235 is outside range for A Read
blk_mem_gen_v8_4_3 WARNING: Address 15236 is outside range for A Write
blk_mem_gen_v8_4_3 WARNING: Address 15236 is outside range for A Read
blk_mem_gen_v8_4_3 WARNING: Address 15237 is outside range for A Write
blk_mem_gen_v8_4_3 WARNING: Address 15237 is outside range for A Read
blk_mem_gen_v8_4_3 WARNING: Address 15238 is outside range for A Write
blk_mem_gen_v8_4_3 WARNING: Address 15238 is outside range for A Read
blk_mem_gen_v8_4_3 WARNING: Address 15239 is outside range for A Write
blk_mem_gen_v8_4_3 WARNING: Address 15239 is outside range for A Read
blk_mem_gen_v8_4_3 WARNING: Address 1523a is outside range for A Write
blk_mem_gen_v8_4_3 WARNING: Address 1523a is outside range for A Read
blk_mem_gen_v8_4_3 WARNING: Address 1523b is outside range for A Write
blk_mem_gen_v8_4_3 WARNING: Address 1523b is outside range for A Read
blk_mem_gen_v8_4_3 WARNING: Address 1523c is outside range for A Write
blk_mem_gen_v8_4_3 WARNING: Address 1523c is outside range for A Read
blk_mem_gen_v8_4_3 WARNING: Address 1523d is outside range for A Write
blk_mem_gen_v8_4_3 WARNING: Address 1523d is outside range for A Read
blk_mem_gen_v8_4_3 WARNING: Address 1523e is outside range for A Write
blk_mem_gen_v8_4_3 WARNING: Address 1523e is outside range for A Read
blk_mem_gen_v8_4_3 WARNING: Address 1523f is outside range for A Write
blk_mem_gen_v8_4_3 WARNING: Address 1523f is outside range for A Read
blk_mem_gen_v8_4_3 WARNING: Address 15240 is outside range for A Write
blk_mem_gen_v8_4_3 WARNING: Address 15240 is outside range for A Read
blk_mem_gen_v8_4_3 WARNING: Address 15241 is outside range for A Write
blk_mem_gen_v8_4_3 WARNING: Address 15241 is outside range for A Read
blk_mem_gen_v8_4_3 WARNING: Address 15242 is outside range for A Write
blk_mem_gen_v8_4_3 WARNING: Address 15242 is outside range for A Read
blk_mem_gen_v8_4_3 WARNING: Address 15243 is outside range for A Write
blk_mem_gen_v8_4_3 WARNING: Address 15243 is outside range for A Read
blk_mem_gen_v8_4_3 WARNING: Address 15244 is outside range for A Write
blk_mem_gen_v8_4_3 WARNING: Address 15244 is outside range for A Read
blk_mem_gen_v8_4_3 WARNING: Address 15245 is outside range for A Write
blk_mem_gen_v8_4_3 WARNING: Address 15245 is outside range for A Read
blk_mem_gen_v8_4_3 WARNING: Address 15246 is outside range for A Write
blk_mem_gen_v8_4_3 WARNING: Address 15246 is outside range for A Read
blk_mem_gen_v8_4_3 WARNING: Address 15247 is outside range for A Write
blk_mem_gen_v8_4_3 WARNING: Address 15247 is outside range for A Read
blk_mem_gen_v8_4_3 WARNING: Address 15248 is outside range for A Write
blk_mem_gen_v8_4_3 WARNING: Address 15248 is outside range for A Read
blk_mem_gen_v8_4_3 WARNING: Address 15249 is outside range for A Write
blk_mem_gen_v8_4_3 WARNING: Address 15249 is outside range for A Read
blk_mem_gen_v8_4_3 WARNING: Address 1524a is outside range for A Write
blk_mem_gen_v8_4_3 WARNING: Address 1524a is outside range for A Read
blk_mem_gen_v8_4_3 WARNING: Address 1524b is outside range for A Write
blk_mem_gen_v8_4_3 WARNING: Address 1524b is outside range for A Read
blk_mem_gen_v8_4_3 WARNING: Address 1524c is outside range for A Write
blk_mem_gen_v8_4_3 WARNING: Address 1524c is outside range for A Read
blk_mem_gen_v8_4_3 WARNING: Address 1524d is outside range for A Write
blk_mem_gen_v8_4_3 WARNING: Address 1524d is outside range for A Read
blk_mem_gen_v8_4_3 WARNING: Address 1524e is outside range for A Write
blk_mem_gen_v8_4_3 WARNING: Address 1524e is outside range for A Read
blk_mem_gen_v8_4_3 WARNING: Address 1524f is outside range for A Write
blk_mem_gen_v8_4_3 WARNING: Address 1524f is outside range for A Read
blk_mem_gen_v8_4_3 WARNING: Address 15250 is outside range for A Write
blk_mem_gen_v8_4_3 WARNING: Address 15250 is outside range for A Read
blk_mem_gen_v8_4_3 WARNING: Address 15251 is outside range for A Write
blk_mem_gen_v8_4_3 WARNING: Address 15251 is outside range for A Read
blk_mem_gen_v8_4_3 WARNING: Address 15252 is outside range for A Write
blk_mem_gen_v8_4_3 WARNING: Address 15252 is outside range for A Read
blk_mem_gen_v8_4_3 WARNING: Address 15253 is outside range for A Write
blk_mem_gen_v8_4_3 WARNING: Address 15253 is outside range for A Read
blk_mem_gen_v8_4_3 WARNING: Address 15254 is outside range for A Write
blk_mem_gen_v8_4_3 WARNING: Address 15254 is outside range for A Read
blk_mem_gen_v8_4_3 WARNING: Address 15255 is outside range for A Write
blk_mem_gen_v8_4_3 WARNING: Address 15255 is outside range for A Read
blk_mem_gen_v8_4_3 WARNING: Address 15256 is outside range for A Write
blk_mem_gen_v8_4_3 WARNING: Address 15256 is outside range for A Read
blk_mem_gen_v8_4_3 WARNING: Address 15257 is outside range for A Write
blk_mem_gen_v8_4_3 WARNING: Address 15257 is outside range for A Read
blk_mem_gen_v8_4_3 WARNING: Address 15258 is outside range for A Write
blk_mem_gen_v8_4_3 WARNING: Address 15258 is outside range for A Read
blk_mem_gen_v8_4_3 WARNING: Address 153de is outside range for A Write
blk_mem_gen_v8_4_3 WARNING: Address 153de is outside range for A Read
WARNING: [Simulator 45-29] Cannot open source file /wrk/2019.1/continuous/2019_05_24_2552052/packages/customer/vivado/data/ip/xilinx/blk_mem_gen_v8_4/simulation/blk_mem_gen_v8_4.v: file does not exist.
run: Time (s): cpu = 00:00:07 ; elapsed = 00:00:06 . Memory (MB): peak = 993.480 ; gain = 0.000
close_sim
INFO: [Simtcl 6-16] Simulation closed
exit
INFO: [Common 17-206] Exiting Vivado at Sat Nov 16 21:59:29 2019...
